This is pdfTeX, Version 3.14159265-2.6-1.40.16 (TeX Live 2015) (preloaded format=pdflatex 2015.5.24)  11 JUN 2018 00:54
entering extended mode
 restricted \write18 enabled.
 file:line:error style messages enabled.
 %&-line parsing enabled.
**autoCorrModel.Rnw
(./autoCorrModel.Rnw
LaTeX2e <2015/01/01>
Babel <3.9l> and hyphenation patterns for 79 languages loaded.
(/usr/local/texlive/2015/texmf-dist/tex/latex/beamer/beamer.cls
(/usr/local/texlive/2015/texmf-dist/tex/latex/beamer/beamerbasercs.sty
Package: beamerbasercs 2015/03/08 (rcs-revision 368aa9ba9d38)
)
Document Class: beamer 2015/01/05 3.36 A class for typesetting presentations (r
cs-revision 8a39122e1f63)
(/usr/local/texlive/2015/texmf-dist/tex/latex/beamer/beamerbasemodes.sty
Package: beamerbasemodes 2013/09/03 (rcs-revision 768f2d98ca64)
\beamer@tempbox=\box26
\beamer@tempcount=\count79
\c@beamerpauses=\count80

(/usr/local/texlive/2015/texmf-dist/tex/latex/beamer/beamerbasedecode.sty
Package: beamerbasedecode 2010/05/01 (rcs-revision efa082c6111d)
\beamer@slideinframe=\count81
\beamer@minimum=\count82
)
\beamer@commentbox=\box27
\beamer@modecount=\count83
)
(/usr/local/texlive/2015/texmf-dist/tex/generic/oberdiek/ifpdf.sty
Package: ifpdf 2011/01/30 v2.3 Provides the ifpdf switch (HO)
Package ifpdf Info: pdfTeX in PDF mode is detected.
)
\headheight=\dimen102
\headdp=\dimen103
\footheight=\dimen104
\sidebarheight=\dimen105
\beamer@tempdim=\dimen106
\beamer@finalheight=\dimen107
\beamer@animht=\dimen108
\beamer@animdp=\dimen109
\beamer@animwd=\dimen110
\beamer@leftmargin=\dimen111
\beamer@rightmargin=\dimen112
\beamer@leftsidebar=\dimen113
\beamer@rightsidebar=\dimen114
\beamer@boxsize=\dimen115
\beamer@vboxoffset=\dimen116
\beamer@descdefault=\dimen117
\beamer@descriptionwidth=\dimen118
\beamer@lastskip=\skip41
\beamer@areabox=\box28
\beamer@animcurrent=\box29
\beamer@animshowbox=\box30
\beamer@sectionbox=\box31
\beamer@logobox=\box32
\beamer@linebox=\box33
\beamer@sectioncount=\count84
\beamer@subsubsectionmax=\count85
\beamer@subsectionmax=\count86
\beamer@sectionmax=\count87
\beamer@totalheads=\count88
\beamer@headcounter=\count89
\beamer@partstartpage=\count90
\beamer@sectionstartpage=\count91
\beamer@subsectionstartpage=\count92
\beamer@animationtempa=\count93
\beamer@animationtempb=\count94
\beamer@xpos=\count95
\beamer@ypos=\count96
\beamer@showpartnumber=\count97
\beamer@currentsubsection=\count98
\beamer@coveringdepth=\count99
\beamer@sectionadjust=\count100
\beamer@tocsectionnumber=\count101

(/usr/local/texlive/2015/texmf-dist/tex/latex/beamer/beamerbaseoptions.sty
Package: beamerbaseoptions 2013/03/10 (rcs-revision 47431932db0d)

(/usr/local/texlive/2015/texmf-dist/tex/latex/graphics/keyval.sty
Package: keyval 2014/10/28 v1.15 key=value parser (DPC)
\KV@toks@=\toks14
))
\beamer@paperwidth=\skip42
\beamer@paperheight=\skip43

(/usr/local/texlive/2015/texmf-dist/tex/latex/geometry/geometry.sty
Package: geometry 2010/09/12 v5.6 Page Geometry

(/usr/local/texlive/2015/texmf-dist/tex/generic/oberdiek/ifvtex.sty
Package: ifvtex 2010/03/01 v1.5 Detect VTeX and its facilities (HO)
Package ifvtex Info: VTeX not detected.
)
(/usr/local/texlive/2015/texmf-dist/tex/generic/ifxetex/ifxetex.sty
Package: ifxetex 2010/09/12 v0.6 Provides ifxetex conditional
)
\Gm@cnth=\count102
\Gm@cntv=\count103
\c@Gm@tempcnt=\count104
\Gm@bindingoffset=\dimen119
\Gm@wd@mp=\dimen120
\Gm@odd@mp=\dimen121
\Gm@even@mp=\dimen122
\Gm@layoutwidth=\dimen123
\Gm@layoutheight=\dimen124
\Gm@layouthoffset=\dimen125
\Gm@layoutvoffset=\dimen126
\Gm@dimlist=\toks15
)
(/usr/local/texlive/2015/texmf-dist/tex/latex/base/size10.clo
File: size10.clo 2014/09/29 v1.4h Standard LaTeX file (size option)
)
(/usr/local/texlive/2015/texmf-dist/tex/latex/pgf/basiclayer/pgfcore.sty
(/usr/local/texlive/2015/texmf-dist/tex/latex/graphics/graphicx.sty
Package: graphicx 2014/10/28 v1.0g Enhanced LaTeX Graphics (DPC,SPQR)

(/usr/local/texlive/2015/texmf-dist/tex/latex/graphics/graphics.sty
Package: graphics 2014/10/28 v1.0p Standard LaTeX Graphics (DPC,SPQR)

(/usr/local/texlive/2015/texmf-dist/tex/latex/graphics/trig.sty
Package: trig 1999/03/16 v1.09 sin cos tan (DPC)
)
(/usr/local/texlive/2015/texmf-dist/tex/latex/latexconfig/graphics.cfg
File: graphics.cfg 2010/04/23 v1.9 graphics configuration of TeX Live
)
Package graphics Info: Driver file: pdftex.def on input line 94.

(/usr/local/texlive/2015/texmf-dist/tex/latex/pdftex-def/pdftex.def
File: pdftex.def 2011/05/27 v0.06d Graphics/color for pdfTeX

(/usr/local/texlive/2015/texmf-dist/tex/generic/oberdiek/infwarerr.sty
Package: infwarerr 2010/04/08 v1.3 Providing info/warning/error messages (HO)
)
(/usr/local/texlive/2015/texmf-dist/tex/generic/oberdiek/ltxcmds.sty
Package: ltxcmds 2011/11/09 v1.22 LaTeX kernel commands for general use (HO)
)
\Gread@gobject=\count105
))
\Gin@req@height=\dimen127
\Gin@req@width=\dimen128
)
(/usr/local/texlive/2015/texmf-dist/tex/latex/pgf/systemlayer/pgfsys.sty
(/usr/local/texlive/2015/texmf-dist/tex/latex/pgf/utilities/pgfrcs.sty
(/usr/local/texlive/2015/texmf-dist/tex/generic/pgf/utilities/pgfutil-common.te
x
\pgfutil@everybye=\toks16
\pgfutil@tempdima=\dimen129
\pgfutil@tempdimb=\dimen130

(/usr/local/texlive/2015/texmf-dist/tex/generic/pgf/utilities/pgfutil-common-li
sts.tex))
(/usr/local/texlive/2015/texmf-dist/tex/generic/pgf/utilities/pgfutil-latex.def
\pgfutil@abb=\box34
(/usr/local/texlive/2015/texmf-dist/tex/latex/ms/everyshi.sty
Package: everyshi 2001/05/15 v3.00 EveryShipout Package (MS)
))
(/usr/local/texlive/2015/texmf-dist/tex/generic/pgf/utilities/pgfrcs.code.tex
Package: pgfrcs 2013/12/20 v3.0.0 (rcs-revision 1.28)
))
(/usr/local/texlive/2015/texmf-dist/tex/generic/pgf/systemlayer/pgfsys.code.tex
Package: pgfsys 2013/11/30 v3.0.0 (rcs-revision 1.47)
(/usr/local/texlive/2015/texmf-dist/tex/generic/pgf/utilities/pgfkeys.code.tex
\pgfkeys@pathtoks=\toks17
\pgfkeys@temptoks=\toks18

(/usr/local/texlive/2015/texmf-dist/tex/generic/pgf/utilities/pgfkeysfiltered.c
ode.tex
\pgfkeys@tmptoks=\toks19
))
\pgf@x=\dimen131
\pgf@y=\dimen132
\pgf@xa=\dimen133
\pgf@ya=\dimen134
\pgf@xb=\dimen135
\pgf@yb=\dimen136
\pgf@xc=\dimen137
\pgf@yc=\dimen138
\w@pgf@writea=\write3
\r@pgf@reada=\read1
\c@pgf@counta=\count106
\c@pgf@countb=\count107
\c@pgf@countc=\count108
\c@pgf@countd=\count109
\t@pgf@toka=\toks20
\t@pgf@tokb=\toks21
\t@pgf@tokc=\toks22

(/usr/local/texlive/2015/texmf-dist/tex/generic/pgf/systemlayer/pgf.cfg
File: pgf.cfg 2008/05/14  (rcs-revision 1.7)
)
Driver file for pgf: pgfsys-pdftex.def

(/usr/local/texlive/2015/texmf-dist/tex/generic/pgf/systemlayer/pgfsys-pdftex.d
ef
File: pgfsys-pdftex.def 2013/07/18  (rcs-revision 1.33)

(/usr/local/texlive/2015/texmf-dist/tex/generic/pgf/systemlayer/pgfsys-common-p
df.def
File: pgfsys-common-pdf.def 2013/10/10  (rcs-revision 1.13)
)))
(/usr/local/texlive/2015/texmf-dist/tex/generic/pgf/systemlayer/pgfsyssoftpath.
code.tex
File: pgfsyssoftpath.code.tex 2013/09/09  (rcs-revision 1.9)
\pgfsyssoftpath@smallbuffer@items=\count110
\pgfsyssoftpath@bigbuffer@items=\count111
)
(/usr/local/texlive/2015/texmf-dist/tex/generic/pgf/systemlayer/pgfsysprotocol.
code.tex
File: pgfsysprotocol.code.tex 2006/10/16  (rcs-revision 1.4)
)) (/usr/local/texlive/2015/texmf-dist/tex/latex/xcolor/xcolor.sty
Package: xcolor 2007/01/21 v2.11 LaTeX color extensions (UK)

(/usr/local/texlive/2015/texmf-dist/tex/latex/latexconfig/color.cfg
File: color.cfg 2007/01/18 v1.5 color configuration of teTeX/TeXLive
)
Package xcolor Info: Driver file: pdftex.def on input line 225.
Package xcolor Info: Model `cmy' substituted by `cmy0' on input line 1337.
Package xcolor Info: Model `hsb' substituted by `rgb' on input line 1341.
Package xcolor Info: Model `RGB' extended on input line 1353.
Package xcolor Info: Model `HTML' substituted by `rgb' on input line 1355.
Package xcolor Info: Model `Hsb' substituted by `hsb' on input line 1356.
Package xcolor Info: Model `tHsb' substituted by `hsb' on input line 1357.
Package xcolor Info: Model `HSB' substituted by `hsb' on input line 1358.
Package xcolor Info: Model `Gray' substituted by `gray' on input line 1359.
Package xcolor Info: Model `wave' substituted by `hsb' on input line 1360.
)
(/usr/local/texlive/2015/texmf-dist/tex/generic/pgf/basiclayer/pgfcore.code.tex
Package: pgfcore 2010/04/11 v3.0.0 (rcs-revision 1.7)
(/usr/local/texlive/2015/texmf-dist/tex/generic/pgf/math/pgfmath.code.tex
(/usr/local/texlive/2015/texmf-dist/tex/generic/pgf/math/pgfmathcalc.code.tex
(/usr/local/texlive/2015/texmf-dist/tex/generic/pgf/math/pgfmathutil.code.tex)
(/usr/local/texlive/2015/texmf-dist/tex/generic/pgf/math/pgfmathparser.code.tex
\pgfmath@dimen=\dimen139
\pgfmath@count=\count112
\pgfmath@box=\box35
\pgfmath@toks=\toks23
\pgfmath@stack@operand=\toks24
\pgfmath@stack@operation=\toks25
)
(/usr/local/texlive/2015/texmf-dist/tex/generic/pgf/math/pgfmathfunctions.code.
tex
(/usr/local/texlive/2015/texmf-dist/tex/generic/pgf/math/pgfmathfunctions.basic
.code.tex)
(/usr/local/texlive/2015/texmf-dist/tex/generic/pgf/math/pgfmathfunctions.trigo
nometric.code.tex)
(/usr/local/texlive/2015/texmf-dist/tex/generic/pgf/math/pgfmathfunctions.rando
m.code.tex)
(/usr/local/texlive/2015/texmf-dist/tex/generic/pgf/math/pgfmathfunctions.compa
rison.code.tex)
(/usr/local/texlive/2015/texmf-dist/tex/generic/pgf/math/pgfmathfunctions.base.
code.tex)
(/usr/local/texlive/2015/texmf-dist/tex/generic/pgf/math/pgfmathfunctions.round
.code.tex)
(/usr/local/texlive/2015/texmf-dist/tex/generic/pgf/math/pgfmathfunctions.misc.
code.tex)
(/usr/local/texlive/2015/texmf-dist/tex/generic/pgf/math/pgfmathfunctions.integ
erarithmetics.code.tex)))
(/usr/local/texlive/2015/texmf-dist/tex/generic/pgf/math/pgfmathfloat.code.tex
\c@pgfmathroundto@lastzeros=\count113
))
(/usr/local/texlive/2015/texmf-dist/tex/generic/pgf/basiclayer/pgfcorepoints.co
de.tex
File: pgfcorepoints.code.tex 2013/10/07  (rcs-revision 1.27)
\pgf@picminx=\dimen140
\pgf@picmaxx=\dimen141
\pgf@picminy=\dimen142
\pgf@picmaxy=\dimen143
\pgf@pathminx=\dimen144
\pgf@pathmaxx=\dimen145
\pgf@pathminy=\dimen146
\pgf@pathmaxy=\dimen147
\pgf@xx=\dimen148
\pgf@xy=\dimen149
\pgf@yx=\dimen150
\pgf@yy=\dimen151
\pgf@zx=\dimen152
\pgf@zy=\dimen153
)
(/usr/local/texlive/2015/texmf-dist/tex/generic/pgf/basiclayer/pgfcorepathconst
ruct.code.tex
File: pgfcorepathconstruct.code.tex 2013/10/07  (rcs-revision 1.29)
\pgf@path@lastx=\dimen154
\pgf@path@lasty=\dimen155
)
(/usr/local/texlive/2015/texmf-dist/tex/generic/pgf/basiclayer/pgfcorepathusage
.code.tex
File: pgfcorepathusage.code.tex 2013/12/13  (rcs-revision 1.23)
\pgf@shorten@end@additional=\dimen156
\pgf@shorten@start@additional=\dimen157
)
(/usr/local/texlive/2015/texmf-dist/tex/generic/pgf/basiclayer/pgfcorescopes.co
de.tex
File: pgfcorescopes.code.tex 2013/10/09  (rcs-revision 1.44)
\pgfpic=\box36
\pgf@hbox=\box37
\pgf@layerbox@main=\box38
\pgf@picture@serial@count=\count114
)
(/usr/local/texlive/2015/texmf-dist/tex/generic/pgf/basiclayer/pgfcoregraphicst
ate.code.tex
File: pgfcoregraphicstate.code.tex 2013/09/19  (rcs-revision 1.11)
\pgflinewidth=\dimen158
)
(/usr/local/texlive/2015/texmf-dist/tex/generic/pgf/basiclayer/pgfcoretransform
ations.code.tex
File: pgfcoretransformations.code.tex 2013/10/10  (rcs-revision 1.17)
\pgf@pt@x=\dimen159
\pgf@pt@y=\dimen160
\pgf@pt@temp=\dimen161
)
(/usr/local/texlive/2015/texmf-dist/tex/generic/pgf/basiclayer/pgfcorequick.cod
e.tex
File: pgfcorequick.code.tex 2008/10/09  (rcs-revision 1.3)
)
(/usr/local/texlive/2015/texmf-dist/tex/generic/pgf/basiclayer/pgfcoreobjects.c
ode.tex
File: pgfcoreobjects.code.tex 2006/10/11  (rcs-revision 1.2)
)
(/usr/local/texlive/2015/texmf-dist/tex/generic/pgf/basiclayer/pgfcorepathproce
ssing.code.tex
File: pgfcorepathprocessing.code.tex 2013/09/09  (rcs-revision 1.9)
)
(/usr/local/texlive/2015/texmf-dist/tex/generic/pgf/basiclayer/pgfcorearrows.co
de.tex
File: pgfcorearrows.code.tex 2013/11/07  (rcs-revision 1.40)
\pgfarrowsep=\dimen162
)
(/usr/local/texlive/2015/texmf-dist/tex/generic/pgf/basiclayer/pgfcoreshade.cod
e.tex
File: pgfcoreshade.code.tex 2013/07/15  (rcs-revision 1.15)
\pgf@max=\dimen163
\pgf@sys@shading@range@num=\count115
)
(/usr/local/texlive/2015/texmf-dist/tex/generic/pgf/basiclayer/pgfcoreimage.cod
e.tex
File: pgfcoreimage.code.tex 2013/07/15  (rcs-revision 1.18)

(/usr/local/texlive/2015/texmf-dist/tex/generic/pgf/basiclayer/pgfcoreexternal.
code.tex
File: pgfcoreexternal.code.tex 2013/07/15  (rcs-revision 1.20)
\pgfexternal@startupbox=\box39
))
(/usr/local/texlive/2015/texmf-dist/tex/generic/pgf/basiclayer/pgfcorelayers.co
de.tex
File: pgfcorelayers.code.tex 2013/07/18  (rcs-revision 1.7)
)
(/usr/local/texlive/2015/texmf-dist/tex/generic/pgf/basiclayer/pgfcoretranspare
ncy.code.tex
File: pgfcoretransparency.code.tex 2013/09/30  (rcs-revision 1.5)
)
(/usr/local/texlive/2015/texmf-dist/tex/generic/pgf/basiclayer/pgfcorepatterns.
code.tex
File: pgfcorepatterns.code.tex 2013/11/07  (rcs-revision 1.5)
)))
(/usr/local/texlive/2015/texmf-dist/tex/latex/pgf/utilities/xxcolor.sty
Package: xxcolor 2003/10/24 ver 0.1
\XC@nummixins=\count116
\XC@countmixins=\count117
)
(/usr/local/texlive/2015/texmf-dist/tex/generic/oberdiek/atbegshi.sty
Package: atbegshi 2011/10/05 v1.16 At begin shipout hook (HO)
)
(/usr/local/texlive/2015/texmf-dist/tex/latex/hyperref/hyperref.sty
Package: hyperref 2012/11/06 v6.83m Hypertext links for LaTeX

(/usr/local/texlive/2015/texmf-dist/tex/generic/oberdiek/hobsub-hyperref.sty
Package: hobsub-hyperref 2012/05/28 v1.13 Bundle oberdiek, subset hyperref (HO)


(/usr/local/texlive/2015/texmf-dist/tex/generic/oberdiek/hobsub-generic.sty
Package: hobsub-generic 2012/05/28 v1.13 Bundle oberdiek, subset generic (HO)
Package: hobsub 2012/05/28 v1.13 Construct package bundles (HO)
Package hobsub Info: Skipping package `infwarerr' (already loaded).
Package hobsub Info: Skipping package `ltxcmds' (already loaded).
Package: ifluatex 2010/03/01 v1.3 Provides the ifluatex switch (HO)
Package ifluatex Info: LuaTeX not detected.
Package hobsub Info: Skipping package `ifvtex' (already loaded).
Package: intcalc 2007/09/27 v1.1 Expandable calculations with integers (HO)
Package hobsub Info: Skipping package `ifpdf' (already loaded).
Package: etexcmds 2011/02/16 v1.5 Avoid name clashes with e-TeX commands (HO)
Package etexcmds Info: Could not find \expanded.
(etexcmds)             That can mean that you are not using pdfTeX 1.50 or
(etexcmds)             that some package has redefined \expanded.
(etexcmds)             In the latter case, load this package earlier.
Package: kvsetkeys 2012/04/25 v1.16 Key value parser (HO)
Package: kvdefinekeys 2011/04/07 v1.3 Define keys (HO)
Package: pdftexcmds 2011/11/29 v0.20 Utility functions of pdfTeX for LuaTeX (HO
)
Package pdftexcmds Info: LuaTeX not detected.
Package pdftexcmds Info: \pdf@primitive is available.
Package pdftexcmds Info: \pdf@ifprimitive is available.
Package pdftexcmds Info: \pdfdraftmode found.
Package: pdfescape 2011/11/25 v1.13 Implements pdfTeX's escape features (HO)
Package: bigintcalc 2012/04/08 v1.3 Expandable calculations on big integers (HO
)
Package: bitset 2011/01/30 v1.1 Handle bit-vector datatype (HO)
Package: uniquecounter 2011/01/30 v1.2 Provide unlimited unique counter (HO)
)
Package hobsub Info: Skipping package `hobsub' (already loaded).
Package: letltxmacro 2010/09/02 v1.4 Let assignment for LaTeX macros (HO)
Package: hopatch 2012/05/28 v1.2 Wrapper for package hooks (HO)
Package: xcolor-patch 2011/01/30 xcolor patch
Package: atveryend 2011/06/30 v1.8 Hooks at the very end of document (HO)
Package atveryend Info: \enddocument detected (standard20110627).
Package hobsub Info: Skipping package `atbegshi' (already loaded).
Package: refcount 2011/10/16 v3.4 Data extraction from label references (HO)
Package: hycolor 2011/01/30 v1.7 Color options for hyperref/bookmark (HO)
)
(/usr/local/texlive/2015/texmf-dist/tex/latex/oberdiek/auxhook.sty
Package: auxhook 2011/03/04 v1.3 Hooks for auxiliary files (HO)
)
(/usr/local/texlive/2015/texmf-dist/tex/latex/oberdiek/kvoptions.sty
Package: kvoptions 2011/06/30 v3.11 Key value format for package options (HO)
)
\@linkdim=\dimen164
\Hy@linkcounter=\count118
\Hy@pagecounter=\count119

(/usr/local/texlive/2015/texmf-dist/tex/latex/hyperref/pd1enc.def
File: pd1enc.def 2012/11/06 v6.83m Hyperref: PDFDocEncoding definition (HO)
)
\Hy@SavedSpaceFactor=\count120

(/usr/local/texlive/2015/texmf-dist/tex/latex/latexconfig/hyperref.cfg
File: hyperref.cfg 2002/06/06 v1.2 hyperref configuration of TeXLive
)
Package hyperref Info: Option `bookmarks' set `true' on input line 4319.
Package hyperref Info: Option `bookmarksopen' set `true' on input line 4319.
Package hyperref Info: Option `implicit' set `false' on input line 4319.
Package hyperref Info: Hyper figures OFF on input line 4443.
Package hyperref Info: Link nesting OFF on input line 4448.
Package hyperref Info: Hyper index ON on input line 4451.
Package hyperref Info: Plain pages OFF on input line 4458.
Package hyperref Info: Backreferencing OFF on input line 4463.
Package hyperref Info: Implicit mode OFF; no redefinition of LaTeX internals.
Package hyperref Info: Bookmarks ON on input line 4688.
\c@Hy@tempcnt=\count121

(/usr/local/texlive/2015/texmf-dist/tex/latex/url/url.sty
\Urlmuskip=\muskip10
Package: url 2013/09/16  ver 3.4  Verb mode for urls, etc.
)
LaTeX Info: Redefining \url on input line 5041.
\XeTeXLinkMargin=\dimen165
\Fld@menulength=\count122
\Field@Width=\dimen166
\Fld@charsize=\dimen167
Package hyperref Info: Hyper figures OFF on input line 6295.
Package hyperref Info: Link nesting OFF on input line 6300.
Package hyperref Info: Hyper index ON on input line 6303.
Package hyperref Info: backreferencing OFF on input line 6310.
Package hyperref Info: Link coloring OFF on input line 6315.
Package hyperref Info: Link coloring with OCG OFF on input line 6320.
Package hyperref Info: PDF/A mode OFF on input line 6325.
LaTeX Info: Redefining \ref on input line 6365.
LaTeX Info: Redefining \pageref on input line 6369.
\Hy@abspage=\count123


Package hyperref Message: Stopped early.

)

Package hyperref Message: Driver (autodetected): hpdftex.

(/usr/local/texlive/2015/texmf-dist/tex/latex/hyperref/hpdftex.def
File: hpdftex.def 2012/11/06 v6.83m Hyperref driver for pdfTeX
\Fld@listcount=\count124
\c@bookmark@seq@number=\count125

(/usr/local/texlive/2015/texmf-dist/tex/latex/oberdiek/rerunfilecheck.sty
Package: rerunfilecheck 2011/04/15 v1.7 Rerun checks for auxiliary files (HO)
Package uniquecounter Info: New unique counter `rerunfilecheck' on input line 2
82.
))
(/usr/local/texlive/2015/texmf-dist/tex/latex/beamer/beamerbaserequires.sty
Package: beamerbaserequires 2010/05/01  (rcs-revision efa082c6111d)

(/usr/local/texlive/2015/texmf-dist/tex/latex/beamer/beamerbasecompatibility.st
y
Package: beamerbasecompatibility 2012/05/01  (rcs-revision 67c48b3b652d)
) (/usr/local/texlive/2015/texmf-dist/tex/latex/beamer/beamerbasefont.sty
Package: beamerbasefont 2015/01/05  (rcs-revision b4b4bee242e2)

(/usr/local/texlive/2015/texmf-dist/tex/latex/amsfonts/amssymb.sty
Package: amssymb 2013/01/14 v3.01 AMS font symbols

(/usr/local/texlive/2015/texmf-dist/tex/latex/amsfonts/amsfonts.sty
Package: amsfonts 2013/01/14 v3.01 Basic AMSFonts support
\@emptytoks=\toks26
\symAMSa=\mathgroup4
\symAMSb=\mathgroup5
LaTeX Font Info:    Overwriting math alphabet `\mathfrak' in version `bold'
(Font)                  U/euf/m/n --> U/euf/b/n on input line 106.
))
(/usr/local/texlive/2015/texmf-dist/tex/latex/sansmathaccent/sansmathaccent.sty
Package: sansmathaccent 2013/03/28
(/usr/local/texlive/2015/texmf-dist/tex/latex/filehook/filehook.sty
Package: filehook 2011/10/12 v0.5d Hooks for input files
)))
(/usr/local/texlive/2015/texmf-dist/tex/latex/beamer/beamerbasetranslator.sty
Package: beamerbasetranslator 2010/06/11  (rcs-revision 85fd1cc7fc42)

(/usr/local/texlive/2015/texmf-dist/tex/latex/beamer/translator/translator.sty
Package: translator 2010/06/12 ver 1.10

(/usr/local/texlive/2015/texmf-dist/tex/latex/beamer/translator/translator-lang
uage-mappings.tex)))
(/usr/local/texlive/2015/texmf-dist/tex/latex/beamer/beamerbasemisc.sty
Package: beamerbasemisc 2013/09/03  (rcs-revision a55719c41d85)
)
(/usr/local/texlive/2015/texmf-dist/tex/latex/beamer/beamerbasetwoscreens.sty
Package: beamerbasetwoscreens 2010/05/01  (rcs-revision efa082c6111d)
)
(/usr/local/texlive/2015/texmf-dist/tex/latex/beamer/beamerbaseoverlay.sty
Package: beamerbaseoverlay 2013/12/25  (rcs-revision f6bd5e3805da)
\beamer@argscount=\count126
\beamer@lastskipcover=\skip44
\beamer@trivlistdepth=\count127
)
(/usr/local/texlive/2015/texmf-dist/tex/latex/beamer/beamerbasetitle.sty
Package: beamerbasetitle 2010/09/21  (rcs-revision f0446ed0b6ae)
)
(/usr/local/texlive/2015/texmf-dist/tex/latex/beamer/beamerbasesection.sty
Package: beamerbasesection 2013/06/07  (rcs-revision 60b9fe0f342f)
\c@lecture=\count128
\c@part=\count129
\c@section=\count130
\c@subsection=\count131
\c@subsubsection=\count132
)
(/usr/local/texlive/2015/texmf-dist/tex/latex/beamer/beamerbaseframe.sty
Package: beamerbaseframe 2014/02/20  (rcs-revision 4b8ceeeff434)
\beamer@framebox=\box40
\beamer@frametitlebox=\box41
\beamer@zoombox=\box42
\beamer@zoomcount=\count133
\beamer@zoomframecount=\count134
\beamer@frametextheight=\dimen168
\c@subsectionslide=\count135
\beamer@frametopskip=\skip45
\beamer@framebottomskip=\skip46
\beamer@frametopskipautobreak=\skip47
\beamer@framebottomskipautobreak=\skip48
\beamer@envbody=\toks27
\framewidth=\dimen169
\c@framenumber=\count136
)
(/usr/local/texlive/2015/texmf-dist/tex/latex/beamer/beamerbaseverbatim.sty
Package: beamerbaseverbatim 2015/01/05  (rcs-revision 431510bb5890)
\beamer@verbatimfileout=\write4
)
(/usr/local/texlive/2015/texmf-dist/tex/latex/beamer/beamerbaseframesize.sty
Package: beamerbaseframesize 2011/09/12  (rcs-revision 70f9d8411e54)
\beamer@splitbox=\box43
\beamer@autobreakcount=\count137
\beamer@autobreaklastheight=\dimen170
\beamer@frametitletoks=\toks28
\beamer@framesubtitletoks=\toks29
)
(/usr/local/texlive/2015/texmf-dist/tex/latex/beamer/beamerbaseframecomponents.
sty
Package: beamerbaseframecomponents 2013/10/18  (rcs-revision 5cf6c5555a45)
\beamer@footins=\box44
) (/usr/local/texlive/2015/texmf-dist/tex/latex/beamer/beamerbasecolor.sty
Package: beamerbasecolor 2015/02/21  (rcs-revision d944b04ee2d5)
)
(/usr/local/texlive/2015/texmf-dist/tex/latex/beamer/beamerbasenotes.sty
Package: beamerbasenotes 2012/12/19  (rcs-revision 1686da3db3c9)
\beamer@frameboxcopy=\box45
)
(/usr/local/texlive/2015/texmf-dist/tex/latex/beamer/beamerbasetoc.sty
Package: beamerbasetoc 2015/03/08  (rcs-revision 7270298bbaae)
)
(/usr/local/texlive/2015/texmf-dist/tex/latex/beamer/beamerbasetemplates.sty
Package: beamerbasetemplates 2010/05/01  (rcs-revision efa082c6111d)
\beamer@sbttoks=\toks30

(/usr/local/texlive/2015/texmf-dist/tex/latex/beamer/beamerbaseauxtemplates.sty
Package: beamerbaseauxtemplates 2014/06/30  (rcs-revision 580088513a67)
(/usr/local/texlive/2015/texmf-dist/tex/latex/beamer/beamerbaseboxes.sty
Package: beamerbaseboxes 2012/05/13  (rcs-revision 56972908a390)
\bmb@box=\box46
\bmb@colorbox=\box47
\bmb@boxshadow=\box48
\bmb@boxshadowball=\box49
\bmb@boxshadowballlarge=\box50
\bmb@temp=\dimen171
\bmb@dima=\dimen172
\bmb@dimb=\dimen173
\bmb@prevheight=\dimen174
)
\beamer@blockheadheight=\dimen175
))
(/usr/local/texlive/2015/texmf-dist/tex/latex/beamer/beamerbaselocalstructure.s
ty
Package: beamerbaselocalstructure 2014/09/10  (rcs-revision 393f6dcff371)
 (/usr/local/texlive/2015/texmf-dist/tex/latex/tools/enumerate.sty
Package: enumerate 2014/10/28 v3.00 enumerate extensions (DPC)
\@enLab=\toks31
)
\c@figure=\count138
\c@table=\count139
\abovecaptionskip=\skip49
\belowcaptionskip=\skip50
)
(/usr/local/texlive/2015/texmf-dist/tex/latex/beamer/beamerbasenavigation.sty
Package: beamerbasenavigation 2015/02/27  (rcs-revision 923f4bf87efa)
\beamer@section@min@dim=\dimen176
)
(/usr/local/texlive/2015/texmf-dist/tex/latex/beamer/beamerbasetheorems.sty
Package: beamerbasetheorems 2010/06/06  (rcs-revision 7e7cc5e53e9d)

(/usr/local/texlive/2015/texmf-dist/tex/latex/amsmath/amsmath.sty
Package: amsmath 2013/01/14 v2.14 AMS math features
\@mathmargin=\skip51

For additional information on amsmath, use the `?' option.
(/usr/local/texlive/2015/texmf-dist/tex/latex/amsmath/amstext.sty
Package: amstext 2000/06/29 v2.01

(/usr/local/texlive/2015/texmf-dist/tex/latex/amsmath/amsgen.sty
File: amsgen.sty 1999/11/30 v2.0
\@emptytoks=\toks32
\ex@=\dimen177
))
(/usr/local/texlive/2015/texmf-dist/tex/latex/amsmath/amsbsy.sty
Package: amsbsy 1999/11/29 v1.2d
\pmbraise@=\dimen178
)
(/usr/local/texlive/2015/texmf-dist/tex/latex/amsmath/amsopn.sty
Package: amsopn 1999/12/14 v2.01 operator names
)
\inf@bad=\count140
LaTeX Info: Redefining \frac on input line 210.
\uproot@=\count141
\leftroot@=\count142
LaTeX Info: Redefining \overline on input line 306.
\classnum@=\count143
\DOTSCASE@=\count144
LaTeX Info: Redefining \ldots on input line 378.
LaTeX Info: Redefining \dots on input line 381.
LaTeX Info: Redefining \cdots on input line 466.
\Mathstrutbox@=\box51
\strutbox@=\box52
\big@size=\dimen179
LaTeX Font Info:    Redeclaring font encoding OML on input line 566.
LaTeX Font Info:    Redeclaring font encoding OMS on input line 567.
\macc@depth=\count145
\c@MaxMatrixCols=\count146
\dotsspace@=\muskip11
\c@parentequation=\count147
\dspbrk@lvl=\count148
\tag@help=\toks33
\row@=\count149
\column@=\count150
\maxfields@=\count151
\andhelp@=\toks34
\eqnshift@=\dimen180
\alignsep@=\dimen181
\tagshift@=\dimen182
\tagwidth@=\dimen183
\totwidth@=\dimen184
\lineht@=\dimen185
\@envbody=\toks35
\multlinegap=\skip52
\multlinetaggap=\skip53
\mathdisplay@stack=\toks36
LaTeX Info: Redefining \[ on input line 2665.
LaTeX Info: Redefining \] on input line 2666.
)
(/usr/local/texlive/2015/texmf-dist/tex/latex/amscls/amsthm.sty
Package: amsthm 2015/03/04 v2.20.2
\thm@style=\toks37
\thm@bodyfont=\toks38
\thm@headfont=\toks39
\thm@notefont=\toks40
\thm@headpunct=\toks41
\thm@preskip=\skip54
\thm@postskip=\skip55
\thm@headsep=\skip56
\dth@everypar=\toks42
)
\c@theorem=\count152
)
(/usr/local/texlive/2015/texmf-dist/tex/latex/beamer/beamerbasethemes.sty
Package: beamerbasethemes 2010/05/01  (rcs-revision efa082c6111d)
))
(/usr/local/texlive/2015/texmf-dist/tex/latex/beamer/themes/theme/beamerthemede
fault.sty
Package: beamerthemedefault 2010/06/17  (rcs-revision d02a7cf4d8ae)

(/usr/local/texlive/2015/texmf-dist/tex/latex/beamer/themes/font/beamerfontthem
edefault.sty
Package: beamerfontthemedefault 2012/12/19  (rcs-revision 1686da3db3c9)
)
(/usr/local/texlive/2015/texmf-dist/tex/latex/beamer/themes/color/beamercolorth
emedefault.sty
Package: beamercolorthemedefault 2012/12/19  (rcs-revision 1686da3db3c9)
)
(/usr/local/texlive/2015/texmf-dist/tex/latex/beamer/themes/inner/beamerinnerth
emedefault.sty
Package: beamerinnerthemedefault 2014/06/30  (rcs-revision 580088513a67)
\beamer@dima=\dimen186
\beamer@dimb=\dimen187
)
(/usr/local/texlive/2015/texmf-dist/tex/latex/beamer/themes/outer/beamerouterth
emedefault.sty
Package: beamerouterthemedefault 2012/12/19  (rcs-revision 1686da3db3c9)
))) (./beamerthemeumbc4.sty
Package: beamerthemeumbc4 2005/03/05 v1.2 for beamer 3.01

(/usr/local/texlive/2015/texmf-dist/tex/latex/pgf/compatibility/pgfcomp-version
-0-65.sty
Package: pgfcomp-version-0-65 2007/07/03 v3.0.0 (rcs-revision 1.7)
\pgf@nodesepstart=\dimen188
\pgf@nodesepend=\dimen189
)
\umbc@ypos=\dimen190
\umbc@mybox=\box53
 (./beamerouterthemeumbcfootline.sty
Package: beamerouterthemeumbcfootline 2004/11/27 v1.0 for beamer 3.01
)
(./beamerinnerthemeumbctribullets.sty
Package: beamerinnerthemeumbctribullets 2004/12/14 v1.0 for beamer 3.01
))
(/usr/local/texlive/2015/texmf-dist/tex/latex/pgf/frontendlayer/tikz.sty
(/usr/local/texlive/2015/texmf-dist/tex/latex/pgf/basiclayer/pgf.sty
Package: pgf 2013/12/18 v3.0.0 (rcs-revision 1.14)

(/usr/local/texlive/2015/texmf-dist/tex/generic/pgf/modules/pgfmoduleshapes.cod
e.tex
File: pgfmoduleshapes.code.tex 2013/10/31  (rcs-revision 1.34)
\pgfnodeparttextbox=\box54
)
(/usr/local/texlive/2015/texmf-dist/tex/generic/pgf/modules/pgfmoduleplot.code.
tex
File: pgfmoduleplot.code.tex 2013/07/31  (rcs-revision 1.12)
)
(/usr/local/texlive/2015/texmf-dist/tex/latex/pgf/compatibility/pgfcomp-version
-1-18.sty
Package: pgfcomp-version-1-18 2007/07/23 v3.0.0 (rcs-revision 1.1)
))
(/usr/local/texlive/2015/texmf-dist/tex/latex/pgf/utilities/pgffor.sty
(/usr/local/texlive/2015/texmf-dist/tex/latex/pgf/utilities/pgfkeys.sty
(/usr/local/texlive/2015/texmf-dist/tex/generic/pgf/utilities/pgfkeys.code.tex)
) (/usr/local/texlive/2015/texmf-dist/tex/latex/pgf/math/pgfmath.sty
(/usr/local/texlive/2015/texmf-dist/tex/generic/pgf/math/pgfmath.code.tex))
(/usr/local/texlive/2015/texmf-dist/tex/generic/pgf/utilities/pgffor.code.tex
Package: pgffor 2013/12/13 v3.0.0 (rcs-revision 1.25)

(/usr/local/texlive/2015/texmf-dist/tex/generic/pgf/math/pgfmath.code.tex)
\pgffor@iter=\dimen191
\pgffor@skip=\dimen192
\pgffor@stack=\toks43
\pgffor@toks=\toks44
))
(/usr/local/texlive/2015/texmf-dist/tex/generic/pgf/frontendlayer/tikz/tikz.cod
e.tex
Package: tikz 2013/12/13 v3.0.0 (rcs-revision 1.142)

(/usr/local/texlive/2015/texmf-dist/tex/generic/pgf/libraries/pgflibraryplothan
dlers.code.tex
File: pgflibraryplothandlers.code.tex 2013/08/31 v3.0.0 (rcs-revision 1.20)
\pgf@plot@mark@count=\count153
\pgfplotmarksize=\dimen193
)
\tikz@lastx=\dimen194
\tikz@lasty=\dimen195
\tikz@lastxsaved=\dimen196
\tikz@lastysaved=\dimen197
\tikzleveldistance=\dimen198
\tikzsiblingdistance=\dimen199
\tikz@figbox=\box55
\tikz@figbox@bg=\box56
\tikz@tempbox=\box57
\tikz@tempbox@bg=\box58
\tikztreelevel=\count154
\tikznumberofchildren=\count155
\tikznumberofcurrentchild=\count156
\tikz@fig@count=\count157

(/usr/local/texlive/2015/texmf-dist/tex/generic/pgf/modules/pgfmodulematrix.cod
e.tex
File: pgfmodulematrix.code.tex 2013/09/17  (rcs-revision 1.8)
\pgfmatrixcurrentrow=\count158
\pgfmatrixcurrentcolumn=\count159
\pgf@matrix@numberofcolumns=\count160
)
\tikz@expandcount=\count161

(/usr/local/texlive/2015/texmf-dist/tex/generic/pgf/frontendlayer/tikz/librarie
s/tikzlibrarytopaths.code.tex
File: tikzlibrarytopaths.code.tex 2008/06/17 v3.0.0 (rcs-revision 1.2)
)))
(/usr/local/texlive/2015/texmf-dist/tex/latex/colortbl/colortbl.sty
Package: colortbl 2012/02/13 v1.0a Color table columns (DPC)

(/usr/local/texlive/2015/texmf-dist/tex/latex/tools/array.sty
Package: array 2014/10/28 v2.4c Tabular extension package (FMi)
\col@sep=\dimen200
\extrarowheight=\dimen201
\NC@list=\toks45
\extratabsurround=\skip57
\backup@length=\skip58
)
\everycr=\toks46
\minrowclearance=\skip59
)
(/usr/local/texlive/2015/texmf-dist/tex/latex/textpos/textpos.sty
Package: textpos 2014/01/03 v1.7j

Package: textpos 2014/01/03 1.7j, absolute positioning of text on the page
\TP@textbox=\box59
\TP@holdbox=\box60
\TPHorizModule=\dimen202
\TPVertModule=\dimen203
\TP@margin=\dimen204
\TP@absmargin=\dimen205
Grid set 16 x 16 = 22.7622pt x 17.07166pt
\TPboxrulesize=\dimen206
\TP@ox=\dimen207
\TP@oy=\dimen208
\TP@tbargs=\toks47
\TP@prevdepth=\dimen209
TextBlockOrigin set to 0pt x 0pt
)
(/usr/local/texlive/2015/texmf-dist/tex/latex/beamer/multimedia/multimedia.sty
Package: multimedia 2012/05/02 ver 0.02
\mm@movie=\count162
) (./beamerinnerthemeumbcboxes.sty
Package: beamerinnerthemeumbcboxes 2004/12/20 v1.0 for beamer 3.01
)
(/usr/local/texlive/2015/texmf-dist/tex/latex/synttree/synttree.sty
\MTr@level=\count163
\MTr@numchildren=\count164
\MTr@maxlevel=\count165
\MTr@mybranchmult=\count166
\MTr@labelbox=\box61
\MTr@treebox=\box62
\MTr@treev=\count167
\MTr@treew=\count168
\MTr@treeheight=\count169
\MTr@treedepth=\count170
\MTr@branchmult=\count171
\MTr@labeldepth=\count172
\MTr@labelheight=\count173
\MTr@labelhalfwidth=\count174
\MTr@morex=\count175
\MTr@parenty=\count176
\MTr@picwidth=\count177
\MTr@picheight=\count178
\MTr@templength=\skip60
\MTr@loopcnta=\count179
\MTr@tempcnta=\count180
\MTr@tempcntb=\count181
\MTr@tempcntc=\count182
\MTr@branchheight=\count183
\MTr@trianglemultright=\count184
\MTr@trianglemultleft=\count185
\MTr@lineoffset=\count186
\MTr@minheight=\skip61
\MTr@childsidesep=\count187
\MTr@childattachsep=\count188
)
(/usr/local/texlive/2015/texmf-dist/tex/latex/multirow/multirow.sty
\bigstrutjot=\dimen210
)
(/usr/local/texlive/2015/texmf-dist/tex/latex/rotating/rotating.sty
Package: rotating 2009/03/28 v2.16a rotated objects in LaTeX

(/usr/local/texlive/2015/texmf-dist/tex/latex/base/ifthen.sty
Package: ifthen 2014/09/29 v1.1c Standard LaTeX ifthen package (DPC)
)
\c@r@tfl@t=\count189
\rotFPtop=\skip62
\rotFPbot=\skip63
\rot@float@box=\box63
\rot@mess@toks=\toks48
)
(/usr/local/texlive/2015/texmf-dist/tex/latex/natbib/natbib.sty
Package: natbib 2010/09/13 8.31b (PWD, AO)
\bibhang=\skip64
\bibsep=\skip65
LaTeX Info: Redefining \cite on input line 694.
\c@NAT@ctr=\count190
)

Package hyperref Warning: Token not allowed in a PDF string (PDFDocEncoding):
(hyperref)                removing `math shift' on input line 86.


Package hyperref Warning: Token not allowed in a PDF string (PDFDocEncoding):
(hyperref)                removing `superscript' on input line 86.


Package hyperref Warning: Token not allowed in a PDF string (PDFDocEncoding):
(hyperref)                removing `math shift' on input line 86.


Package hyperref Warning: Token not allowed in a PDF string (PDFDocEncoding):
(hyperref)                removing `\\' on input line 86.

(./autoCorrModel.aux)
\openout1 = `autoCorrModel.aux'.

LaTeX Font Info:    Checking defaults for OML/cmm/m/it on input line 91.
LaTeX Font Info:    ... okay on input line 91.
LaTeX Font Info:    Checking defaults for T1/cmr/m/n on input line 91.
LaTeX Font Info:    ... okay on input line 91.
LaTeX Font Info:    Checking defaults for OT1/cmr/m/n on input line 91.
LaTeX Font Info:    ... okay on input line 91.
LaTeX Font Info:    Checking defaults for OMS/cmsy/m/n on input line 91.
LaTeX Font Info:    ... okay on input line 91.
LaTeX Font Info:    Checking defaults for OMX/cmex/m/n on input line 91.
LaTeX Font Info:    ... okay on input line 91.
LaTeX Font Info:    Checking defaults for U/cmr/m/n on input line 91.
LaTeX Font Info:    ... okay on input line 91.
LaTeX Font Info:    Checking defaults for PD1/pdf/m/n on input line 91.
LaTeX Font Info:    ... okay on input line 91.

*geometry* driver: auto-detecting
*geometry* detected driver: pdftex
*geometry* verbose mode - [ preamble ] result:
* driver: pdftex
* paper: custom
* layout: <same size as paper>
* layoutoffset:(h,v)=(0.0pt,0.0pt)
* modes: includehead includefoot 
* h-part:(L,W,R)=(28.45274pt, 307.28987pt, 28.45274pt)
* v-part:(T,H,B)=(0.0pt, 273.14662pt, 0.0pt)
* \paperwidth=364.19536pt
* \paperheight=273.14662pt
* \textwidth=307.28987pt
* \textheight=244.6939pt
* \oddsidemargin=-43.81725pt
* \evensidemargin=-43.81725pt
* \topmargin=-72.26999pt
* \headheight=14.22636pt
* \headsep=0.0pt
* \topskip=10.0pt
* \footskip=14.22636pt
* \marginparwidth=3.0pt
* \marginparsep=11.0pt
* \columnsep=10.0pt
* \skip\footins=9.0pt plus 4.0pt minus 2.0pt
* \hoffset=0.0pt
* \voffset=0.0pt
* \mag=1000
* \@twocolumnfalse
* \@twosidefalse
* \@mparswitchfalse
* \@reversemarginfalse
* (1in=72.27pt=25.4mm, 1cm=28.453pt)

(/usr/local/texlive/2015/texmf-dist/tex/context/base/supp-pdf.mkii
[Loading MPS to PDF converter (version 2006.09.02).]
\scratchcounter=\count191
\scratchdimen=\dimen211
\scratchbox=\box64
\nofMPsegments=\count192
\nofMParguments=\count193
\everyMPshowfont=\toks49
\MPscratchCnt=\count194
\MPscratchDim=\dimen212
\MPnumerator=\count195
\makeMPintoPDFobject=\count196
\everyMPtoPDFconversion=\toks50
) (/usr/local/texlive/2015/texmf-dist/tex/latex/oberdiek/epstopdf-base.sty
Package: epstopdf-base 2010/02/09 v2.5 Base part for package epstopdf

(/usr/local/texlive/2015/texmf-dist/tex/latex/oberdiek/grfext.sty
Package: grfext 2010/08/19 v1.1 Manage graphics extensions (HO)
)
Package grfext Info: Graphics extension search list:
(grfext)             [.png,.pdf,.jpg,.mps,.jpeg,.jbig2,.jb2,.PNG,.PDF,.JPG,.JPE
G,.JBIG2,.JB2,.eps]
(grfext)             \AppendGraphicsExtensions on input line 452.

(/usr/local/texlive/2015/texmf-dist/tex/latex/latexconfig/epstopdf-sys.cfg
File: epstopdf-sys.cfg 2010/07/13 v1.3 Configuration of (r)epstopdf for TeX Liv
e
))
ABD: EveryShipout initializing macros
\AtBeginShipoutBox=\box65
Package hyperref Info: Link coloring OFF on input line 91.

(/usr/local/texlive/2015/texmf-dist/tex/latex/hyperref/nameref.sty
Package: nameref 2012/10/27 v2.43 Cross-referencing by name of section

(/usr/local/texlive/2015/texmf-dist/tex/generic/oberdiek/gettitlestring.sty
Package: gettitlestring 2010/12/03 v1.4 Cleanup title references (HO)
)
\c@section@level=\count197
)
LaTeX Info: Redefining \ref on input line 91.
LaTeX Info: Redefining \pageref on input line 91.
LaTeX Info: Redefining \nameref on input line 91.

(./autoCorrModel.out) (./autoCorrModel.out)
\@outlinefile=\write5
\openout5 = `autoCorrModel.out'.

LaTeX Font Info:    Overwriting symbol font `operators' in version `normal'
(Font)                  OT1/cmr/m/n --> OT1/cmss/m/n on input line 91.
LaTeX Font Info:    Overwriting symbol font `operators' in version `bold'
(Font)                  OT1/cmr/bx/n --> OT1/cmss/bx/n on input line 91.
\symnumbers=\mathgroup6
\sympureletters=\mathgroup7
LaTeX Font Info:    Overwriting math alphabet `\mathrm' in version `normal'
(Font)                  OT1/cmss/m/n --> OT1/cmr/m/n on input line 91.
LaTeX Font Info:    Redeclaring math alphabet \mathbf on input line 91.
LaTeX Font Info:    Overwriting math alphabet `\mathbf' in version `normal'
(Font)                  OT1/cmr/bx/n --> OT1/cmss/bx/n on input line 91.
LaTeX Font Info:    Overwriting math alphabet `\mathbf' in version `bold'
(Font)                  OT1/cmr/bx/n --> OT1/cmss/bx/n on input line 91.
LaTeX Font Info:    Redeclaring math alphabet \mathsf on input line 91.
LaTeX Font Info:    Overwriting math alphabet `\mathsf' in version `normal'
(Font)                  OT1/cmss/m/n --> OT1/cmss/m/n on input line 91.
LaTeX Font Info:    Overwriting math alphabet `\mathsf' in version `bold'
(Font)                  OT1/cmss/bx/n --> OT1/cmss/m/n on input line 91.
LaTeX Font Info:    Redeclaring math alphabet \mathit on input line 91.
LaTeX Font Info:    Overwriting math alphabet `\mathit' in version `normal'
(Font)                  OT1/cmr/m/it --> OT1/cmss/m/it on input line 91.
LaTeX Font Info:    Overwriting math alphabet `\mathit' in version `bold'
(Font)                  OT1/cmr/bx/it --> OT1/cmss/m/it on input line 91.
LaTeX Font Info:    Redeclaring math alphabet \mathtt on input line 91.
LaTeX Font Info:    Overwriting math alphabet `\mathtt' in version `normal'
(Font)                  OT1/cmtt/m/n --> OT1/cmtt/m/n on input line 91.
LaTeX Font Info:    Overwriting math alphabet `\mathtt' in version `bold'
(Font)                  OT1/cmtt/m/n --> OT1/cmtt/m/n on input line 91.
LaTeX Font Info:    Overwriting symbol font `numbers' in version `bold'
(Font)                  OT1/cmss/m/n --> OT1/cmss/bx/n on input line 91.
LaTeX Font Info:    Overwriting symbol font `pureletters' in version `bold'
(Font)                  OT1/cmss/m/it --> OT1/cmss/bx/it on input line 91.
LaTeX Font Info:    Overwriting math alphabet `\mathrm' in version `bold'
(Font)                  OT1/cmss/bx/n --> OT1/cmr/bx/n on input line 91.
LaTeX Font Info:    Overwriting math alphabet `\mathbf' in version `bold'
(Font)                  OT1/cmss/bx/n --> OT1/cmss/bx/n on input line 91.
LaTeX Font Info:    Overwriting math alphabet `\mathsf' in version `bold'
(Font)                  OT1/cmss/m/n --> OT1/cmss/bx/n on input line 91.
LaTeX Font Info:    Overwriting math alphabet `\mathit' in version `bold'
(Font)                  OT1/cmss/m/it --> OT1/cmss/bx/it on input line 91.
LaTeX Font Info:    Overwriting math alphabet `\mathtt' in version `bold'
(Font)                  OT1/cmtt/m/n --> OT1/cmtt/bx/n on input line 91.
LaTeX Font Info:    Redeclaring symbol font `pureletters' on input line 91.
LaTeX Font Info:    Overwriting symbol font `pureletters' in version `normal'
(Font)                  OT1/cmss/m/it --> OT1/mathkerncmss/m/sl on input line 9
1.
LaTeX Font Info:    Overwriting symbol font `pureletters' in version `bold'
(Font)                  OT1/cmss/bx/it --> OT1/mathkerncmss/m/sl on input line 
91.
LaTeX Font Info:    Overwriting symbol font `pureletters' in version `bold'
(Font)                  OT1/mathkerncmss/m/sl --> OT1/mathkerncmss/bx/sl on inp
ut line 91.

(/usr/local/texlive/2015/texmf-dist/tex/latex/beamer/translator/dicts/translato
r-basic-dictionary/translator-basic-dictionary-English.dict
Dictionary: translator-basic-dictionary, Language: English 
)
(/usr/local/texlive/2015/texmf-dist/tex/latex/beamer/translator/dicts/translato
r-bibliography-dictionary/translator-bibliography-dictionary-English.dict
Dictionary: translator-bibliography-dictionary, Language: English 
)
(/usr/local/texlive/2015/texmf-dist/tex/latex/beamer/translator/dicts/translato
r-environment-dictionary/translator-environment-dictionary-English.dict
Dictionary: translator-environment-dictionary, Language: English 
)
(/usr/local/texlive/2015/texmf-dist/tex/latex/beamer/translator/dicts/translato
r-months-dictionary/translator-months-dictionary-English.dict
Dictionary: translator-months-dictionary, Language: English 
)
(/usr/local/texlive/2015/texmf-dist/tex/latex/beamer/translator/dicts/translato
r-numbers-dictionary/translator-numbers-dictionary-English.dict
Dictionary: translator-numbers-dictionary, Language: English 
)
(/usr/local/texlive/2015/texmf-dist/tex/latex/beamer/translator/dicts/translato
r-theorem-dictionary/translator-theorem-dictionary-English.dict
Dictionary: translator-theorem-dictionary, Language: English 
)
LaTeX Info: Redefining \includegraphics on input line 91.

(./autoCorrModel.nav)

LaTeX Font Warning: Font shape `OT1/cmss/m/it' in size <4> not available
(Font)              size <5> substituted on input line 91.

<graphics/uc_seal_blue.jpg, id=31, 234.3957pt x 129.1224pt>
File: graphics/uc_seal_blue.jpg Graphic file (type jpg)

<use graphics/uc_seal_blue.jpg>
Package pdftex.def Info: graphics/uc_seal_blue.jpg used on input line 91.
(pdftex.def)             Requested size: 25.29494pt x 13.93358pt.
LaTeX Font Info:    Try loading font information for U+msa on input line 98.

(/usr/local/texlive/2015/texmf-dist/tex/latex/amsfonts/umsa.fd
File: umsa.fd 2013/01/14 v3.01 AMS symbols A
)
LaTeX Font Info:    Try loading font information for U+msb on input line 98.

(/usr/local/texlive/2015/texmf-dist/tex/latex/amsfonts/umsb.fd
File: umsb.fd 2013/01/14 v3.01 AMS symbols B
)
LaTeX Font Info:    Try loading font information for OT1+mathkerncmss on input 
line 98.

(/usr/local/texlive/2015/texmf-dist/tex/latex/sansmathaccent/ot1mathkerncmss.fd
File: ot1mathkerncmss.fd 2013/03/27 Fontinst v1.933 font definitions for OT1/ma
thkerncmss.
) <graphics/minn.png, id=32, 385.44pt x 289.08pt>
File: graphics/minn.png Graphic file (type png)
 <use graphics/minn.png>
Package pdftex.def Info: graphics/minn.png used on input line 98.
(pdftex.def)             Requested size: 364.19536pt x 273.14674pt.

[1

{/usr/local/texlive/2015/texmf-var/fonts/map/pdftex/updmap/pdftex.map} <./graph
ics/minn.png>] (./autoCorrModel.toc)

LaTeX Font Warning: Font shape `OT1/cmss/m/n' in size <4> not available
(Font)              size <5> substituted on input line 106.

File: graphics/uc_seal_blue.jpg Graphic file (type jpg)
<use graphics/uc_seal_blue.jpg>
Package pdftex.def Info: graphics/uc_seal_blue.jpg used on input line 106.
(pdftex.def)             Requested size: 25.29494pt x 13.93358pt.
 [2

 <./graphics/uc_seal_blue.jpg>]
File: graphics/uc_seal_blue.jpg Graphic file (type jpg)

<use graphics/uc_seal_blue.jpg>
Package pdftex.def Info: graphics/uc_seal_blue.jpg used on input line 113.
(pdftex.def)             Requested size: 25.29494pt x 13.93358pt.
 [3

]
File: graphics/uc_seal_blue.jpg Graphic file (type jpg)
 <use graphics/uc_seal_blue.jpg>
Package pdftex.def Info: graphics/uc_seal_blue.jpg used on input line 133.
(pdftex.def)             Requested size: 25.29494pt x 13.93358pt.
 [4

]
File: graphics/uc_seal_blue.jpg Graphic file (type jpg)

<use graphics/uc_seal_blue.jpg>
Package pdftex.def Info: graphics/uc_seal_blue.jpg used on input line 152.
(pdftex.def)             Requested size: 25.29494pt x 13.93358pt.
 [5

]
<figure/auto1.png, id=77, 359.9046pt x 497.6994pt>
File: figure/auto1.png Graphic file (type png)
 <use figure/auto1.png>
Package pdftex.def Info: figure/auto1.png used on input line 158.
(pdftex.def)             Requested size: 142.26378pt x 196.7372pt.
File: graphics/uc_seal_blue.jpg Graphic file (type jpg)

<use graphics/uc_seal_blue.jpg>
Package pdftex.def Info: graphics/uc_seal_blue.jpg used on input line 158.
(pdftex.def)             Requested size: 25.29494pt x 13.93358pt.
 [6

 <./figure/auto1.png>]
<figure/auto2.png, id=86, 796.8972pt x 596.9502pt>
File: figure/auto2.png Graphic file (type png)
 <use figure/auto2.png>
Package pdftex.def Info: figure/auto2.png used on input line 164.
(pdftex.def)             Requested size: 227.62291pt x 170.50603pt.
File: graphics/uc_seal_blue.jpg Graphic file (type jpg)

<use graphics/uc_seal_blue.jpg>
Package pdftex.def Info: graphics/uc_seal_blue.jpg used on input line 164.
(pdftex.def)             Requested size: 25.29494pt x 13.93358pt.
 [7

 <./figure/auto2.png>]
<figure/auto3.png, id=95, 796.8972pt x 596.9502pt>
File: figure/auto3.png Graphic file (type png)
 <use figure/auto3.png>
Package pdftex.def Info: figure/auto3.png used on input line 170.
(pdftex.def)             Requested size: 227.62291pt x 170.50603pt.
File: graphics/uc_seal_blue.jpg Graphic file (type jpg)

<use graphics/uc_seal_blue.jpg>
Package pdftex.def Info: graphics/uc_seal_blue.jpg used on input line 170.
(pdftex.def)             Requested size: 25.29494pt x 13.93358pt.
 [8

 <./figure/auto3.png>]
<figure/auto4.png, id=103, 796.8972pt x 596.9502pt>
File: figure/auto4.png Graphic file (type png)
 <use figure/auto4.png>
Package pdftex.def Info: figure/auto4.png used on input line 176.
(pdftex.def)             Requested size: 227.62291pt x 170.50603pt.
File: graphics/uc_seal_blue.jpg Graphic file (type jpg)

<use graphics/uc_seal_blue.jpg>
Package pdftex.def Info: graphics/uc_seal_blue.jpg used on input line 176.
(pdftex.def)             Requested size: 25.29494pt x 13.93358pt.
 [9

 <./figure/auto4.png>]
<figure/auto5.png, id=111, 796.8972pt x 596.9502pt>
File: figure/auto5.png Graphic file (type png)
 <use figure/auto5.png>
Package pdftex.def Info: figure/auto5.png used on input line 182.
(pdftex.def)             Requested size: 227.62291pt x 170.50603pt.
File: graphics/uc_seal_blue.jpg Graphic file (type jpg)

<use graphics/uc_seal_blue.jpg>
Package pdftex.def Info: graphics/uc_seal_blue.jpg used on input line 182.
(pdftex.def)             Requested size: 25.29494pt x 13.93358pt.
 [10

 <./figure/auto5.png>]
<figure/auto6.png, id=119, 796.8972pt x 596.9502pt>
File: figure/auto6.png Graphic file (type png)
 <use figure/auto6.png>
Package pdftex.def Info: figure/auto6.png used on input line 188.
(pdftex.def)             Requested size: 227.62291pt x 170.50603pt.
File: graphics/uc_seal_blue.jpg Graphic file (type jpg)

<use graphics/uc_seal_blue.jpg>
Package pdftex.def Info: graphics/uc_seal_blue.jpg used on input line 188.
(pdftex.def)             Requested size: 25.29494pt x 13.93358pt.
 [11

 <./figure/auto6.png>]
<figure/auto7.png, id=127, 796.8972pt x 596.9502pt>
File: figure/auto7.png Graphic file (type png)
 <use figure/auto7.png>
Package pdftex.def Info: figure/auto7.png used on input line 194.
(pdftex.def)             Requested size: 227.62291pt x 170.50603pt.
File: graphics/uc_seal_blue.jpg Graphic file (type jpg)

<use graphics/uc_seal_blue.jpg>
Package pdftex.def Info: graphics/uc_seal_blue.jpg used on input line 194.
(pdftex.def)             Requested size: 25.29494pt x 13.93358pt.
 [12

 <./figure/auto7.png>]
<figure/auto8.png, id=135, 796.8972pt x 596.9502pt>
File: figure/auto8.png Graphic file (type png)
 <use figure/auto8.png>
Package pdftex.def Info: figure/auto8.png used on input line 200.
(pdftex.def)             Requested size: 227.62291pt x 170.50603pt.
File: graphics/uc_seal_blue.jpg Graphic file (type jpg)

<use graphics/uc_seal_blue.jpg>
Package pdftex.def Info: graphics/uc_seal_blue.jpg used on input line 200.
(pdftex.def)             Requested size: 25.29494pt x 13.93358pt.
 [13

 <./figure/auto8.png>]
<figure/auto9.png, id=144, 796.8972pt x 596.9502pt>
File: figure/auto9.png Graphic file (type png)
 <use figure/auto9.png>
Package pdftex.def Info: figure/auto9.png used on input line 206.
(pdftex.def)             Requested size: 227.62291pt x 170.50603pt.
File: graphics/uc_seal_blue.jpg Graphic file (type jpg)

<use graphics/uc_seal_blue.jpg>
Package pdftex.def Info: graphics/uc_seal_blue.jpg used on input line 206.
(pdftex.def)             Requested size: 25.29494pt x 13.93358pt.
 [14

 <./figure/auto9.png>]
<figure/auto10.png, id=152, 796.8972pt x 596.9502pt>
File: figure/auto10.png Graphic file (type png)
 <use figure/auto10.png>
Package pdftex.def Info: figure/auto10.png used on input line 212.
(pdftex.def)             Requested size: 227.62291pt x 170.50603pt.
File: graphics/uc_seal_blue.jpg Graphic file (type jpg)

<use graphics/uc_seal_blue.jpg>
Package pdftex.def Info: graphics/uc_seal_blue.jpg used on input line 212.
(pdftex.def)             Requested size: 25.29494pt x 13.93358pt.
 [15

 <./figure/auto10.png>]
<figure/auto11.png, id=160, 796.8972pt x 596.9502pt>
File: figure/auto11.png Graphic file (type png)
 <use figure/auto11.png>
Package pdftex.def Info: figure/auto11.png used on input line 218.
(pdftex.def)             Requested size: 227.62291pt x 170.50603pt.
File: graphics/uc_seal_blue.jpg Graphic file (type jpg)

<use graphics/uc_seal_blue.jpg>
Package pdftex.def Info: graphics/uc_seal_blue.jpg used on input line 218.
(pdftex.def)             Requested size: 25.29494pt x 13.93358pt.
 [16

 <./figure/auto11.png>]
<figure/auto12.png, id=168, 796.8972pt x 596.9502pt>
File: figure/auto12.png Graphic file (type png)
 <use figure/auto12.png>
Package pdftex.def Info: figure/auto12.png used on input line 224.
(pdftex.def)             Requested size: 227.62291pt x 170.50603pt.
File: graphics/uc_seal_blue.jpg Graphic file (type jpg)

<use graphics/uc_seal_blue.jpg>
Package pdftex.def Info: graphics/uc_seal_blue.jpg used on input line 224.
(pdftex.def)             Requested size: 25.29494pt x 13.93358pt.
 [17

 <./figure/auto12.png>]
<figure/fa1.png, id=176, 796.8972pt x 596.9502pt>
File: figure/fa1.png Graphic file (type png)
 <use figure/fa1.png>
Package pdftex.def Info: figure/fa1.png used on input line 230.
(pdftex.def)             Requested size: 227.62291pt x 170.50603pt.
File: graphics/uc_seal_blue.jpg Graphic file (type jpg)

<use graphics/uc_seal_blue.jpg>
Package pdftex.def Info: graphics/uc_seal_blue.jpg used on input line 230.
(pdftex.def)             Requested size: 25.29494pt x 13.93358pt.
 [18

 <./figure/fa1.png>]
<figure/fa2.png, id=185, 796.8972pt x 596.9502pt>
File: figure/fa2.png Graphic file (type png)
 <use figure/fa2.png>
Package pdftex.def Info: figure/fa2.png used on input line 236.
(pdftex.def)             Requested size: 227.62291pt x 170.50603pt.
File: graphics/uc_seal_blue.jpg Graphic file (type jpg)

<use graphics/uc_seal_blue.jpg>
Package pdftex.def Info: graphics/uc_seal_blue.jpg used on input line 236.
(pdftex.def)             Requested size: 25.29494pt x 13.93358pt.
 [19

 <./figure/fa2.png>]
<figure/fa3.png, id=194, 796.8972pt x 596.9502pt>
File: figure/fa3.png Graphic file (type png)
 <use figure/fa3.png>
Package pdftex.def Info: figure/fa3.png used on input line 242.
(pdftex.def)             Requested size: 227.62291pt x 170.50603pt.
File: graphics/uc_seal_blue.jpg Graphic file (type jpg)

<use graphics/uc_seal_blue.jpg>
Package pdftex.def Info: graphics/uc_seal_blue.jpg used on input line 242.
(pdftex.def)             Requested size: 25.29494pt x 13.93358pt.
 [20

 <./figure/fa3.png>]
<figure/fa4.png, id=202, 796.8972pt x 596.9502pt>
File: figure/fa4.png Graphic file (type png)
 <use figure/fa4.png>
Package pdftex.def Info: figure/fa4.png used on input line 248.
(pdftex.def)             Requested size: 227.62291pt x 170.50603pt.
File: graphics/uc_seal_blue.jpg Graphic file (type jpg)

<use graphics/uc_seal_blue.jpg>
Package pdftex.def Info: graphics/uc_seal_blue.jpg used on input line 248.
(pdftex.def)             Requested size: 25.29494pt x 13.93358pt.
 [21

 <./figure/fa4.png>]
<figure/fa5.png, id=210, 796.8972pt x 596.9502pt>
File: figure/fa5.png Graphic file (type png)
 <use figure/fa5.png>
Package pdftex.def Info: figure/fa5.png used on input line 254.
(pdftex.def)             Requested size: 227.62291pt x 170.50603pt.
File: graphics/uc_seal_blue.jpg Graphic file (type jpg)

<use graphics/uc_seal_blue.jpg>
Package pdftex.def Info: graphics/uc_seal_blue.jpg used on input line 254.
(pdftex.def)             Requested size: 25.29494pt x 13.93358pt.
 [22

 <./figure/fa5.png>]
<figure/fa6.png, id=218, 796.8972pt x 596.9502pt>
File: figure/fa6.png Graphic file (type png)
 <use figure/fa6.png>
Package pdftex.def Info: figure/fa6.png used on input line 260.
(pdftex.def)             Requested size: 227.62291pt x 170.50603pt.
File: graphics/uc_seal_blue.jpg Graphic file (type jpg)

<use graphics/uc_seal_blue.jpg>
Package pdftex.def Info: graphics/uc_seal_blue.jpg used on input line 260.
(pdftex.def)             Requested size: 25.29494pt x 13.93358pt.
 [23

 <./figure/fa6.png>]
<figure/fa7.png, id=226, 796.8972pt x 596.9502pt>
File: figure/fa7.png Graphic file (type png)
 <use figure/fa7.png>
Package pdftex.def Info: figure/fa7.png used on input line 266.
(pdftex.def)             Requested size: 227.62291pt x 170.50603pt.
File: graphics/uc_seal_blue.jpg Graphic file (type jpg)

<use graphics/uc_seal_blue.jpg>
Package pdftex.def Info: graphics/uc_seal_blue.jpg used on input line 266.
(pdftex.def)             Requested size: 25.29494pt x 13.93358pt.
 [24

 <./figure/fa7.png>]
<figure/fa8.png, id=234, 796.8972pt x 596.9502pt>
File: figure/fa8.png Graphic file (type png)
 <use figure/fa8.png>
Package pdftex.def Info: figure/fa8.png used on input line 272.
(pdftex.def)             Requested size: 227.62291pt x 170.50603pt.
File: graphics/uc_seal_blue.jpg Graphic file (type jpg)

<use graphics/uc_seal_blue.jpg>
Package pdftex.def Info: graphics/uc_seal_blue.jpg used on input line 272.
(pdftex.def)             Requested size: 25.29494pt x 13.93358pt.
 [25

 <./figure/fa8.png>]
<figure/fa9.png, id=243, 796.8972pt x 596.9502pt>
File: figure/fa9.png Graphic file (type png)
 <use figure/fa9.png>
Package pdftex.def Info: figure/fa9.png used on input line 278.
(pdftex.def)             Requested size: 227.62291pt x 170.50603pt.
File: graphics/uc_seal_blue.jpg Graphic file (type jpg)

<use graphics/uc_seal_blue.jpg>
Package pdftex.def Info: graphics/uc_seal_blue.jpg used on input line 278.
(pdftex.def)             Requested size: 25.29494pt x 13.93358pt.
 [26

 <./figure/fa9.png>]
<figure/fa10.png, id=251, 796.8972pt x 596.9502pt>
File: figure/fa10.png Graphic file (type png)
 <use figure/fa10.png>
Package pdftex.def Info: figure/fa10.png used on input line 284.
(pdftex.def)             Requested size: 227.62291pt x 170.50603pt.
File: graphics/uc_seal_blue.jpg Graphic file (type jpg)

<use graphics/uc_seal_blue.jpg>
Package pdftex.def Info: graphics/uc_seal_blue.jpg used on input line 284.
(pdftex.def)             Requested size: 25.29494pt x 13.93358pt.
 [27

 <./figure/fa10.png>]
<figure/fa11.png, id=259, 796.8972pt x 596.9502pt>
File: figure/fa11.png Graphic file (type png)
 <use figure/fa11.png>
Package pdftex.def Info: figure/fa11.png used on input line 290.
(pdftex.def)             Requested size: 227.62291pt x 170.50603pt.
File: graphics/uc_seal_blue.jpg Graphic file (type jpg)

<use graphics/uc_seal_blue.jpg>
Package pdftex.def Info: graphics/uc_seal_blue.jpg used on input line 290.
(pdftex.def)             Requested size: 25.29494pt x 13.93358pt.
 [28

 <./figure/fa11.png>]
<figure/fa12.png, id=267, 796.8972pt x 596.9502pt>
File: figure/fa12.png Graphic file (type png)
 <use figure/fa12.png>
Package pdftex.def Info: figure/fa12.png used on input line 296.
(pdftex.def)             Requested size: 227.62291pt x 170.50603pt.
File: graphics/uc_seal_blue.jpg Graphic file (type jpg)

<use graphics/uc_seal_blue.jpg>
Package pdftex.def Info: graphics/uc_seal_blue.jpg used on input line 296.
(pdftex.def)             Requested size: 25.29494pt x 13.93358pt.
 [29

 <./figure/fa12.png>]
<figure/fa13.png, id=275, 796.8972pt x 596.9502pt>
File: figure/fa13.png Graphic file (type png)
 <use figure/fa13.png>
Package pdftex.def Info: figure/fa13.png used on input line 302.
(pdftex.def)             Requested size: 227.62291pt x 170.50603pt.
File: graphics/uc_seal_blue.jpg Graphic file (type jpg)

<use graphics/uc_seal_blue.jpg>
Package pdftex.def Info: graphics/uc_seal_blue.jpg used on input line 302.
(pdftex.def)             Requested size: 25.29494pt x 13.93358pt.
 [30

 <./figure/fa13.png>]
<figure/fa14.png, id=283, 796.8972pt x 596.9502pt>
File: figure/fa14.png Graphic file (type png)
 <use figure/fa14.png>
Package pdftex.def Info: figure/fa14.png used on input line 308.
(pdftex.def)             Requested size: 227.62291pt x 170.50603pt.
File: graphics/uc_seal_blue.jpg Graphic file (type jpg)

<use graphics/uc_seal_blue.jpg>
Package pdftex.def Info: graphics/uc_seal_blue.jpg used on input line 308.
(pdftex.def)             Requested size: 25.29494pt x 13.93358pt.
 [31

 <./figure/fa14.png>]
<figure/fa15.png, id=292, 796.8972pt x 596.9502pt>
File: figure/fa15.png Graphic file (type png)
 <use figure/fa15.png>
Package pdftex.def Info: figure/fa15.png used on input line 314.
(pdftex.def)             Requested size: 227.62291pt x 170.50603pt.
File: graphics/uc_seal_blue.jpg Graphic file (type jpg)

<use graphics/uc_seal_blue.jpg>
Package pdftex.def Info: graphics/uc_seal_blue.jpg used on input line 314.
(pdftex.def)             Requested size: 25.29494pt x 13.93358pt.
 [32

 <./figure/fa15.png>]
<figure/fa16.png, id=300, 796.8972pt x 596.9502pt>
File: figure/fa16.png Graphic file (type png)
 <use figure/fa16.png>
Package pdftex.def Info: figure/fa16.png used on input line 320.
(pdftex.def)             Requested size: 227.62291pt x 170.50603pt.
File: graphics/uc_seal_blue.jpg Graphic file (type jpg)

<use graphics/uc_seal_blue.jpg>
Package pdftex.def Info: graphics/uc_seal_blue.jpg used on input line 320.
(pdftex.def)             Requested size: 25.29494pt x 13.93358pt.
 [33

 <./figure/fa16.png>]
<figure/fa17.png, id=308, 796.8972pt x 596.9502pt>
File: figure/fa17.png Graphic file (type png)
 <use figure/fa17.png>
Package pdftex.def Info: figure/fa17.png used on input line 326.
(pdftex.def)             Requested size: 227.62291pt x 170.50603pt.
File: graphics/uc_seal_blue.jpg Graphic file (type jpg)

<use graphics/uc_seal_blue.jpg>
Package pdftex.def Info: graphics/uc_seal_blue.jpg used on input line 326.
(pdftex.def)             Requested size: 25.29494pt x 13.93358pt.
 [34

 <./figure/fa17.png>]
<figure/fa18.png, id=316, 796.8972pt x 596.9502pt>
File: figure/fa18.png Graphic file (type png)
 <use figure/fa18.png>
Package pdftex.def Info: figure/fa18.png used on input line 332.
(pdftex.def)             Requested size: 227.62291pt x 170.50603pt.
File: graphics/uc_seal_blue.jpg Graphic file (type jpg)

<use graphics/uc_seal_blue.jpg>
Package pdftex.def Info: graphics/uc_seal_blue.jpg used on input line 332.
(pdftex.def)             Requested size: 25.29494pt x 13.93358pt.
 [35

 <./figure/fa18.png>]
<figure/fa19.png, id=324, 796.8972pt x 596.9502pt>
File: figure/fa19.png Graphic file (type png)
 <use figure/fa19.png>
Package pdftex.def Info: figure/fa19.png used on input line 338.
(pdftex.def)             Requested size: 227.62291pt x 170.50603pt.
File: graphics/uc_seal_blue.jpg Graphic file (type jpg)

<use graphics/uc_seal_blue.jpg>
Package pdftex.def Info: graphics/uc_seal_blue.jpg used on input line 338.
(pdftex.def)             Requested size: 25.29494pt x 13.93358pt.
 [36

 <./figure/fa19.png>]
<figure/fa20.png, id=332, 796.8972pt x 596.9502pt>
File: figure/fa20.png Graphic file (type png)
 <use figure/fa20.png>
Package pdftex.def Info: figure/fa20.png used on input line 344.
(pdftex.def)             Requested size: 227.62291pt x 170.50603pt.
File: graphics/uc_seal_blue.jpg Graphic file (type jpg)

<use graphics/uc_seal_blue.jpg>
Package pdftex.def Info: graphics/uc_seal_blue.jpg used on input line 344.
(pdftex.def)             Requested size: 25.29494pt x 13.93358pt.
 [37

 <./figure/fa20.png>]
File: graphics/uc_seal_blue.jpg Graphic file (type jpg)

<use graphics/uc_seal_blue.jpg>
Package pdftex.def Info: graphics/uc_seal_blue.jpg used on input line 363.
(pdftex.def)             Requested size: 25.29494pt x 13.93358pt.
 [38

]
File: graphics/uc_seal_blue.jpg Graphic file (type jpg)
 <use graphics/uc_seal_blue.jpg>
Package pdftex.def Info: graphics/uc_seal_blue.jpg used on input line 389.
(pdftex.def)             Requested size: 25.29494pt x 13.93358pt.
 [39

]
File: graphics/uc_seal_blue.jpg Graphic file (type jpg)

<use graphics/uc_seal_blue.jpg>
Package pdftex.def Info: graphics/uc_seal_blue.jpg used on input line 421.
(pdftex.def)             Requested size: 25.29494pt x 13.93358pt.
 [40

]
\tf@nav=\write6
\openout6 = `autoCorrModel.nav'.

\tf@toc=\write7
\openout7 = `autoCorrModel.toc'.

\tf@snm=\write8
\openout8 = `autoCorrModel.snm'.

Package atveryend Info: Empty hook `BeforeClearDocument' on input line 423.
Package atveryend Info: Empty hook `AfterLastShipout' on input line 423.
 (./autoCorrModel.aux)
Package atveryend Info: Executing hook `AtVeryEndDocument' on input line 423.
Package atveryend Info: Executing hook `AtEndAfterFileList' on input line 423.
Package rerunfilecheck Info: File `autoCorrModel.out' has not changed.
(rerunfilecheck)             Checksum: 7FAD07154A94CA5A27FEC0F41F36DB19;151.


LaTeX Font Warning: Size substitutions with differences
(Font)              up to 1.0pt have occurred.

Package atveryend Info: Empty hook `AtVeryVeryEnd' on input line 423.
 ) 
Here is how much of TeX's memory you used:
 20637 strings out of 493089
 403404 string characters out of 6134842
 467398 words of memory out of 5000000
 23506 multiletter control sequences out of 15000+600000
 17016 words of font info for 61 fonts, out of 8000000 for 9000
 1141 hyphenation exceptions out of 8191
 56i,20n,59p,409b,598s stack positions out of 5000i,500n,10000p,200000b,80000s
</usr/local/texlive/2015/texmf-dist/fonts/type1/public/amsfonts/cmextra/cmex9
.pfb></usr/local/texlive/2015/texmf-dist/fonts/type1/public/amsfonts/cm/cmmi9.p
fb></usr/local/texlive/2015/texmf-dist/fonts/type1/public/amsfonts/cm/cmss10.pf
b></usr/local/texlive/2015/texmf-dist/fonts/type1/public/amsfonts/cm/cmss8.pfb>
</usr/local/texlive/2015/texmf-dist/fonts/type1/public/amsfonts/cm/cmss9.pfb></
usr/local/texlive/2015/texmf-dist/fonts/type1/public/amsfonts/cm/cmssi10.pfb></
usr/local/texlive/2015/texmf-dist/fonts/type1/public/amsfonts/cm/cmssi12.pfb></
usr/local/texlive/2015/texmf-dist/fonts/type1/public/amsfonts/cm/cmssi8.pfb></u
sr/local/texlive/2015/texmf-dist/fonts/type1/public/amsfonts/cm/cmssi9.pfb></us
r/local/texlive/2015/texmf-dist/fonts/type1/public/amsfonts/cm/cmsy10.pfb></usr
/local/texlive/2015/texmf-dist/fonts/type1/public/amsfonts/cm/cmsy5.pfb></usr/l
ocal/texlive/2015/texmf-dist/fonts/type1/public/amsfonts/cm/cmsy7.pfb></usr/loc
al/texlive/2015/texmf-dist/fonts/type1/public/amsfonts/cm/cmsy9.pfb>
Output written on autoCorrModel.pdf (40 pages, 8021664 bytes).
PDF statistics:
 430 PDF objects out of 1000 (max. 8388607)
 294 compressed objects within 3 object streams
 84 named destinations out of 1000 (max. 500000)
 257 words of extra memory for PDF output out of 10000 (max. 10000000)

