

-----------------------------------
New Analysis started.
Date and time: 13/06/2018 18:34:28
New results follow.
-----------------------------------

RSiena version 1.2-12 (12 May 18)


@1
Estimation by stochastic approximation algorithm.
=================================================

Random initialization of random number stream.
Current random number seed is 574868.
Effects object used: myeff 
Model Type:
 
Behavioral Model Type:
 
Estimation method: unconditional moment estimation.

Time duration for simulations in each period is 1.0.
Standard errors are estimated with the likelihood ratio method.
Dolby method (regression on scores) is used.
Initial value of gain parameter is  0.2000000.
Reduction factor for gain parameter is  0.5000000.
Number of subphases in Phase 2 is 4.

Initial parameter values are 
  1. rate:  constant friendship rate (period 1)             4.6960
  2. rate:  constant friendship rate (period 2)             4.3288
  3. eval:  outdegree (density)                            -1.4677
  4. eval:  reciprocity                                     0.0000
  5. eval:  transitive triplets                             0.0000
  6. eval:  3-cycles                                        0.0000
  7. eval:  drinkingbeh alter                               0.0000
  8. eval:  drinkingbeh ego                                 0.0000
  9. eval:  drinkingbeh similarity                          0.0000
 10. eval:  smoke1 alter                                    0.0000
 11. eval:  smoke1 ego                                      0.0000
 12. eval:  smoke1 similarity                               0.0000
 13. rate:  rate drinkingbeh (period 1)                     0.7057
 14. rate:  rate drinkingbeh (period 2)                     0.8494
 15. eval:  drinkingbeh linear shape                        0.3224
 16. eval:  drinkingbeh quadratic shape                     0.0000
 17. eval:  drinkingbeh indegree                            0.0000
 18. eval:  drinkingbeh outdegree                           0.0000
 19. eval:  drinkingbeh average alter                       0.0000


Observed values of target statistics are
  1. Amount of network change in period 1                               115.0000
  2. Amount of network change in period 2                               106.0000
  3. Number of ties                                                     238.0000
  4. Number of reciprocated ties                                        160.0000
  5. Number of transitive triplets                                      225.0000
  6. 3-cycles                                                            72.0000
  7. Sum indegrees x drinkingbeh                                        -16.9733
  8. Sum outdegrees x drinkingbeh                                        -8.9733
  9. Similarity on drinkingbeh                                           21.9957
 10. Sum indegrees x smoke1                                              -4.1000
 11. Sum outdegrees x smoke1                                             -4.1000
 12. Similarity on smoke1                                                28.9400
 13. Amount of behavioral change in period 1 on drinkingbeh              27.0000
 14. Amount of behavioral change in period 2 on drinkingbeh              33.0000
 15. drinkingbeh centered sum                                            11.6667
 16. drinkingbeh sum of cent. squares                                   121.0711
 17. drinkingbeh indegrees                                               51.0467
 18. drinkingbeh outdegrees                                              52.0467
 19. drinkingbeh average alters                                          53.9086

 19 parameters, 19 statistics

Estimation of derivatives by the LR method (type 1).


@2
End of stochastic approximation algorithm, phase 3.
---------------------------------------------------

Total of 3552 iterations.
Parameter estimates based on 2552 iterations,
convergence diagnostics, covariance and derivative matrices based on 1000 iterations.

Information for convergence diagnosis.
Averages, standard deviations, and t-ratios for deviations from targets:
  1.  -0.5330  10.5372  -0.0506 
  2.   0.5330   9.4884   0.0562 
  3.   1.2420  22.5912   0.0550 
  4.   0.5000  20.7329   0.0241 
  5.   2.6160  70.8213   0.0369 
  6.   0.8610  23.2390   0.0370 
  7.  -1.5158  21.8050  -0.0695 
  8.  -0.6608  21.0723  -0.0314 
  9.   0.0557   4.2825   0.0130 
 10.  -0.6439  13.2349  -0.0487 
 11.  -0.6269  12.7786  -0.0491 
 12.   0.4581   6.8565   0.0668 
 13.  -0.0710   4.6233  -0.0154 
 14.  -0.0210   5.1071  -0.0041 
 15.   0.2400   9.4612   0.0254 
 16.   0.3296  14.2288   0.0232 
 17.   0.3630  25.5541   0.0142 
 18.   0.8310  23.8034   0.0349 
 19.  -0.0176  13.3541  -0.0013 

Good convergence is indicated by the t-ratios being close to zero.

Overall maximum convergence ratio =  0.1772 .



@2
Estimation Results.
-------------------

Regular end of estimation algorithm.
Total of 3552 iteration steps.


@3
Estimates and standard errors
                             
Network Dynamics
 1. rate:  constant friendship rate (period 1)                     6.4359  (   1.2440)
 2. rate:  constant friendship rate (period 2)                     5.2546  (   0.7814)
 3. eval:  outdegree (density)                                    -2.7713  (   0.1616)
 4. eval:  reciprocity                                             2.3703  (   0.2342)
 5. eval:  transitive triplets                                     0.6369  (   0.1491)
 6. eval:  3-cycles                                               -0.0591  (   0.2888)
 7. eval:  drinkingbeh alter                                      -0.0757  (   0.1227)
 8. eval:  drinkingbeh ego                                         0.0797  (   0.1344)
 9. eval:  drinkingbeh similarity                                  1.2433  (   0.6750)
10. eval:  smoke1 alter                                            0.1095  (   0.1313)
11. eval:  smoke1 ego                                              0.0443  (   0.1434)
12. eval:  smoke1 similarity                                       0.4113  (   0.2454)
Behavior Dynamics

13. rate:  rate drinkingbeh (period 1)                             1.2456  (   0.3422)
14. rate:  rate drinkingbeh (period 2)                             1.7235  (   0.5533)
15. eval:  drinkingbeh linear shape                               -0.7876  (   2.2032)
16. eval:  drinkingbeh quadratic shape                            -1.7592  (   2.9045)
17. eval:  drinkingbeh indegree                                   -1.0306  (   2.5196)
18. eval:  drinkingbeh outdegree                                   1.7512  (   3.8358)
19. eval:  drinkingbeh average alter                               3.8008  (   6.2988)


@3
Covariance matrices
                   
Covariance matrix of estimates (correlations below diagonal):
     1.548     -0.098     -0.002      0.027     -0.038      0.046      0.000      0.001      0.102      0.001      0.008     -0.019      0.049      0.009      0.478      0.408      0.128     -0.391     -0.914
    -0.101      0.611      0.009     -0.005      0.001     -0.026     -0.005     -0.002     -0.024     -0.002      0.001     -0.012     -0.007      0.000      0.226      0.301      0.179     -0.334     -0.656
    -0.008      0.075      0.026     -0.020     -0.005      0.002      0.003     -0.002     -0.068     -0.002     -0.002     -0.005     -0.010     -0.014     -0.079     -0.100     -0.076      0.130      0.223
     0.092     -0.025     -0.517      0.055      0.007     -0.022     -0.002      0.003      0.013      0.000      0.002      0.003     -0.002     -0.006     -0.046     -0.046     -0.066      0.093      0.081
    -0.204      0.012     -0.202      0.205      0.022     -0.034      0.004     -0.006     -0.013     -0.001      0.001      0.001     -0.002     -0.007     -0.080     -0.084     -0.066      0.112      0.176
     0.128     -0.116      0.041     -0.331     -0.798      0.083     -0.009      0.010      0.028      0.002     -0.004     -0.009     -0.002      0.006      0.049     -0.047     -0.054      0.052      0.117
    -0.001     -0.049      0.165     -0.084      0.207     -0.242      0.015     -0.009     -0.016     -0.007      0.001      0.001     -0.005     -0.015     -0.038     -0.020     -0.018      0.038      0.043
     0.005     -0.018     -0.102      0.097     -0.295      0.258     -0.520      0.018      0.004      0.002     -0.008      0.002      0.000      0.008      0.026     -0.008      0.004     -0.011      0.019
     0.121     -0.046     -0.627      0.081     -0.133      0.144     -0.189      0.046      0.456      0.007      0.012     -0.013      0.064      0.081      0.463      0.679      0.541     -0.864     -1.499
     0.007     -0.018     -0.112      0.011     -0.061      0.047     -0.435      0.090      0.084      0.017     -0.001      0.011      0.004      0.008      0.070      0.097      0.087     -0.135     -0.200
     0.042      0.011     -0.097      0.055      0.037     -0.103      0.037     -0.441      0.127     -0.073      0.021      0.009      0.008      0.007      0.039      0.081      0.063     -0.097     -0.181
    -0.062     -0.065     -0.126      0.048      0.027     -0.132      0.025      0.050     -0.080      0.351      0.265      0.060      0.005      0.000      0.099      0.166      0.159     -0.235     -0.357
     0.114     -0.025     -0.177     -0.030     -0.036     -0.022     -0.108     -0.008      0.278      0.090      0.167      0.059      0.117      0.044      0.260      0.374      0.358     -0.552     -0.811
     0.013      0.001     -0.160     -0.047     -0.080      0.035     -0.223      0.112      0.217      0.113      0.092      0.003      0.234      0.306      0.412      0.448      0.512     -0.803     -0.882
     0.174      0.132     -0.222     -0.090     -0.244      0.078     -0.140      0.086      0.311      0.242      0.123      0.183      0.346      0.338      4.854      5.430      4.329     -7.345    -11.502
     0.113      0.133     -0.213     -0.068     -0.193     -0.056     -0.056     -0.021      0.347      0.255      0.194      0.234      0.377      0.279      0.849      8.436      6.951    -10.825    -18.200
     0.041      0.091     -0.186     -0.112     -0.177     -0.075     -0.060      0.012      0.318      0.262      0.174      0.257      0.415      0.368      0.780      0.950      6.348     -9.527    -14.848
    -0.082     -0.112      0.209      0.103      0.196      0.047      0.080     -0.022     -0.334     -0.267     -0.176     -0.249     -0.421     -0.378     -0.869     -0.972     -0.986     14.714     23.116
    -0.117     -0.133      0.219      0.055      0.187      0.064      0.055      0.023     -0.353     -0.242     -0.201     -0.231     -0.376     -0.253     -0.829     -0.995     -0.936      0.957     39.674

Derivative matrix of expected statistics X by parameters and
covariance/correlation matrix of X can be found using
summary(ans) within R, or by using the 'verbose' option in Siena07.
 
Total computation time 49.96 seconds.


-----------------------------------
New Analysis started.
Date and time: 13/06/2018 18:35:18
New results follow.
-----------------------------------

RSiena version 1.2-12 (12 May 18)


@1
Estimation by stochastic approximation algorithm.
=================================================

Random initialization of random number stream.
Current random number seed is 576680.
Effects object used: myeff 
Model Type:
 
Behavioral Model Type:
 
Estimation method: unconditional moment estimation.

Time duration for simulations in each period is 1.0.
Standard errors are estimated with the likelihood ratio method.
Dolby method (regression on scores) is used.
Initial value of gain parameter is  0.2000000.
Reduction factor for gain parameter is  0.5000000.
Number of subphases in Phase 2 is 4.

Initial parameter values are 
  1. rate:  constant friendship rate (period 1)             4.6960
  2. rate:  constant friendship rate (period 2)             4.3288
  3. eval:  outdegree (density)                            -1.4677
  4. eval:  reciprocity                                     0.0000
  5. eval:  transitive triplets                             0.0000
  6. eval:  3-cycles                                        0.0000
  7. eval:  drinkingbeh alter                               0.0000
  8. eval:  drinkingbeh ego                                 0.0000
  9. eval:  drinkingbeh similarity                          0.0000
 10. eval:  smoke1 alter                                    0.0000
 11. eval:  smoke1 ego                                      0.0000
 12. eval:  smoke1 similarity                               0.0000
 13. rate:  rate drinkingbeh (period 1)                     0.7057
 14. rate:  rate drinkingbeh (period 2)                     0.8494
 15. eval:  drinkingbeh linear shape                        0.3224
 16. eval:  drinkingbeh quadratic shape                     0.0000
 17. eval:  drinkingbeh indegree                            0.0000
 18. eval:  drinkingbeh outdegree                           0.0000
 19. eval:  drinkingbeh average alter                       0.0000


Observed values of target statistics are
  1. Amount of network change in period 1                               115.0000
  2. Amount of network change in period 2                               106.0000
  3. Number of ties                                                     238.0000
  4. Number of reciprocated ties                                        160.0000
  5. Number of transitive triplets                                      225.0000
  6. 3-cycles                                                            72.0000
  7. Sum indegrees x drinkingbeh                                        -16.9733
  8. Sum outdegrees x drinkingbeh                                        -8.9733
  9. Similarity on drinkingbeh                                           21.9957
 10. Sum indegrees x smoke1                                              -4.1000
 11. Sum outdegrees x smoke1                                             -4.1000
 12. Similarity on smoke1                                                28.9400
 13. Amount of behavioral change in period 1 on drinkingbeh              27.0000
 14. Amount of behavioral change in period 2 on drinkingbeh              33.0000
 15. drinkingbeh centered sum                                            11.6667
 16. drinkingbeh sum of cent. squares                                   121.0711
 17. drinkingbeh indegrees                                               51.0467
 18. drinkingbeh outdegrees                                              52.0467
 19. drinkingbeh average alters                                          53.9086

 19 parameters, 19 statistics

Estimation of derivatives by the LR method (type 1).


@2
End of stochastic approximation algorithm, phase 3.
---------------------------------------------------

Total of 3471 iterations.
Parameter estimates based on 2471 iterations,
convergence diagnostics, covariance and derivative matrices based on 1000 iterations.

Information for convergence diagnosis.
Averages, standard deviations, and t-ratios for deviations from targets:
  1.   0.2320  10.3839   0.0223 
  2.  -0.8310   8.9606  -0.0927 
  3.  -0.0810  23.1547  -0.0035 
  4.  -0.1260  21.1330  -0.0060 
  5.   1.3830  74.0934   0.0187 
  6.   0.0020  23.8735   0.0001 
  7.   1.1852  21.1941   0.0559 
  8.  -0.1408  21.3721  -0.0066 
  9.   0.1351   4.0503   0.0334 
 10.   0.5875  13.8139   0.0425 
 11.   0.0744  13.3732   0.0056 
 12.  -0.0984   6.9915  -0.0141 
 13.  -0.3470   4.3199  -0.0803 
 14.   0.0480   4.9999   0.0096 
 15.  -0.2770   9.4474  -0.0293 
 16.  -0.2302  14.2519  -0.0162 
 17.  -1.2260  25.1561  -0.0487 
 18.  -1.2490  23.8162  -0.0524 
 19.  -0.3799  12.7704  -0.0297 

Good convergence is indicated by the t-ratios being close to zero.

Overall maximum convergence ratio =  0.2724 .



@2
Estimation Results.
-------------------

Regular end of estimation algorithm.
Total of 3471 iteration steps.


@3
Estimates and standard errors
                             
Network Dynamics
 1. rate:  constant friendship rate (period 1)                     6.4800  (   1.8128)
 2. rate:  constant friendship rate (period 2)                     5.1716  (   1.0860)
 3. eval:  outdegree (density)                                    -2.7771  (   0.1428)
 4. eval:  reciprocity                                             2.3852  (   0.3004)
 5. eval:  transitive triplets                                     0.6634  (   0.1903)
 6. eval:  3-cycles                                               -0.1132  (   0.4091)
 7. eval:  drinkingbeh alter                                      -0.0602  (   0.1274)
 8. eval:  drinkingbeh ego                                         0.0583  (   0.1259)
 9. eval:  drinkingbeh similarity                                  1.2567  (   0.9493)
10. eval:  smoke1 alter                                            0.1068  (   0.1883)
11. eval:  smoke1 ego                                              0.0487  (   0.1464)
12. eval:  smoke1 similarity                                       0.3985  (   0.2930)
Behavior Dynamics

13. rate:  rate drinkingbeh (period 1)                             1.2505  (   0.3446)
14. rate:  rate drinkingbeh (period 2)                             1.7146  (   0.6447)
15. eval:  drinkingbeh linear shape                               -0.7257  (   3.8851)
16. eval:  drinkingbeh quadratic shape                            -1.6734  (   7.1134)
17. eval:  drinkingbeh indegree                                   -0.9458  (   5.1842)
18. eval:  drinkingbeh outdegree                                   1.6155  (   7.8842)
19. eval:  drinkingbeh average alter                               3.6316  (  15.6322)


@3
Covariance matrices
                   
Covariance matrix of estimates (correlations below diagonal):
     3.286     -0.820      0.044      0.269      0.160     -0.394      0.023     -0.043     -1.010     -0.200     -0.004     -0.242     -0.022     -0.546      5.002      9.567      6.936    -10.634    -21.109
    -0.416      1.179      0.011     -0.095     -0.085      0.164     -0.009      0.031      0.323      0.084     -0.009      0.104      0.039      0.147     -1.819     -3.541     -2.642      3.987      7.734
     0.168      0.074      0.020     -0.012     -0.006      0.004      0.002     -0.001     -0.049     -0.003      0.001     -0.006      0.001     -0.011      0.064      0.124      0.093     -0.142     -0.278
     0.494     -0.291     -0.277      0.090      0.035     -0.089     -0.003     -0.005     -0.164     -0.027      0.001     -0.032     -0.026     -0.071      0.747      1.388      0.985     -1.517     -3.043
     0.463     -0.411     -0.214      0.608      0.036     -0.070      0.000     -0.006     -0.106     -0.019      0.000     -0.022     -0.011     -0.049      0.464      0.897      0.647     -0.987     -1.960
    -0.532      0.369      0.061     -0.724     -0.898      0.167     -0.002      0.013      0.240      0.043     -0.001      0.047      0.029      0.119     -1.059     -2.078     -1.514      2.294      4.552
     0.101     -0.068      0.102     -0.072      0.013     -0.044      0.016     -0.008     -0.001     -0.009      0.000     -0.002      0.005     -0.002     -0.022      0.021      0.021     -0.021     -0.045
    -0.187      0.228     -0.082     -0.126     -0.258      0.248     -0.493      0.016      0.024      0.008     -0.008      0.009      0.002      0.009     -0.101     -0.223     -0.154      0.233      0.490
    -0.587      0.313     -0.359     -0.574     -0.589      0.618     -0.006      0.198      0.901      0.101     -0.008      0.109      0.069      0.281     -2.759     -5.167     -3.666      5.657     11.343
    -0.585      0.409     -0.122     -0.480     -0.518      0.562     -0.370      0.329      0.567      0.035     -0.002      0.033      0.009      0.054     -0.498     -0.970     -0.704      1.074      2.129
    -0.013     -0.054      0.067      0.020      0.016     -0.016     -0.024     -0.430     -0.061     -0.074      0.021      0.009     -0.007      0.002      0.009     -0.004     -0.035      0.037     -0.003
    -0.456      0.326     -0.144     -0.367     -0.386      0.395     -0.046      0.250      0.391      0.604      0.202      0.086      0.008      0.068     -0.641     -1.243     -0.935      1.415      2.711
    -0.035      0.103      0.011     -0.252     -0.168      0.208      0.120      0.050      0.210      0.141     -0.133      0.078      0.119      0.028     -0.396     -0.639     -0.416      0.667      1.386
    -0.467      0.209     -0.123     -0.367     -0.401      0.452     -0.030      0.108      0.460      0.447      0.026      0.359      0.125      0.416     -1.484     -2.843     -2.067      3.137      6.267
     0.710     -0.431      0.116      0.640      0.627     -0.666     -0.044     -0.207     -0.748     -0.681      0.016     -0.563     -0.296     -0.592     15.094     26.477     18.592    -29.178    -58.051
     0.742     -0.458      0.122      0.650      0.663     -0.714      0.024     -0.249     -0.765     -0.724     -0.004     -0.596     -0.261     -0.620      0.958     50.600     36.390    -55.808   -111.116
     0.738     -0.469      0.126      0.632      0.656     -0.714      0.032     -0.235     -0.745     -0.721     -0.046     -0.616     -0.233     -0.618      0.923      0.987     26.876    -40.704    -79.827
    -0.744      0.466     -0.126     -0.641     -0.658      0.711     -0.021      0.235      0.756      0.724      0.032      0.612      0.245      0.617     -0.953     -0.995     -0.996     62.160    122.431
    -0.745      0.456     -0.125     -0.648     -0.659      0.712     -0.022      0.249      0.764      0.723     -0.001      0.592      0.257      0.622     -0.956     -0.999     -0.985      0.993    244.364

Derivative matrix of expected statistics X by parameters and
covariance/correlation matrix of X can be found using
summary(ans) within R, or by using the 'verbose' option in Siena07.
 
Total computation time 49.61 seconds.


-----------------------------------
New Analysis started.
Date and time: 13/06/2018 18:36:08
New results follow.
-----------------------------------

RSiena version 1.2-12 (12 May 18)


@1
Estimation by stochastic approximation algorithm.
=================================================

Random initialization of random number stream.
Current random number seed is 810660.
Effects object used: myeff2 
Model Type:
 
Behavioral Model Type:
 
Estimation method: unconditional moment estimation.

Time duration for simulations in each period is 1.0.
Standard errors are estimated with the likelihood ratio method.
Dolby method (regression on scores) is used.
Initial value of gain parameter is  0.2000000.
Reduction factor for gain parameter is  0.5000000.
Number of subphases in Phase 2 is 4.

Initial parameter values are 
  1. rate:  constant friendship rate (period 1)             4.6960
  2. rate:  constant friendship rate (period 2)             4.3288
  3. eval:  outdegree (density)                            -1.4677
  4. eval:  reciprocity                                     0.0000
  5. eval:  transitive triplets                             0.0000
  6. eval:  3-cycles                                        0.0000
  7. eval:  drinkingbeh alter                               0.0000
  8. eval:  drinkingbeh ego                                 0.0000
  9. eval:  drinkingbeh similarity                          0.0000
 10. eval:  smoke1 alter                                    0.0000
 11. eval:  smoke1 ego                                      0.0000
 12. eval:  smoke1 similarity                               0.0000
 13. rate:  rate drinkingbeh (period 1)                     0.7057
 14. rate:  rate drinkingbeh (period 2)                     0.8494
 15. eval:  drinkingbeh linear shape                        0.3224
 16. eval:  drinkingbeh quadratic shape                     0.0000
 17. eval:  drinkingbeh average alter                       0.0000


Observed values of target statistics are
  1. Amount of network change in period 1                               115.0000
  2. Amount of network change in period 2                               106.0000
  3. Number of ties                                                     238.0000
  4. Number of reciprocated ties                                        160.0000
  5. Number of transitive triplets                                      225.0000
  6. 3-cycles                                                            72.0000
  7. Sum indegrees x drinkingbeh                                        -16.9733
  8. Sum outdegrees x drinkingbeh                                        -8.9733
  9. Similarity on drinkingbeh                                           21.9957
 10. Sum indegrees x smoke1                                              -4.1000
 11. Sum outdegrees x smoke1                                             -4.1000
 12. Similarity on smoke1                                                28.9400
 13. Amount of behavioral change in period 1 on drinkingbeh              27.0000
 14. Amount of behavioral change in period 2 on drinkingbeh              33.0000
 15. drinkingbeh centered sum                                            11.6667
 16. drinkingbeh sum of cent. squares                                   121.0711
 17. drinkingbeh average alters                                          53.9086

 17 parameters, 17 statistics

Estimation of derivatives by the LR method (type 1).


@2
End of stochastic approximation algorithm, phase 3.
---------------------------------------------------

Total of 3202 iterations.
Parameter estimates based on 2202 iterations,
convergence diagnostics, covariance and derivative matrices based on 1000 iterations.

Information for convergence diagnosis.
Averages, standard deviations, and t-ratios for deviations from targets:
  1.   0.1130  10.7409   0.0105 
  2.  -0.0770   9.0805  -0.0085 
  3.   1.9540  23.0200   0.0849 
  4.   1.6340  21.1815   0.0771 
  5.   5.5880  75.2234   0.0743 
  6.   1.6630  24.6476   0.0675 
  7.   1.1165  22.6045   0.0494 
  8.   0.6805  22.0610   0.0308 
  9.   0.2297   4.1024   0.0560 
 10.   0.2757  13.8523   0.0199 
 11.   0.3897  13.7584   0.0283 
 12.   0.1667   7.0880   0.0235 
 13.  -0.3410   4.4218  -0.0771 
 14.   0.2390   4.9104   0.0487 
 15.   0.3640   9.6175   0.0378 
 16.   0.5755  13.3656   0.0431 
 17.   0.7783  12.9665   0.0600 

Good convergence is indicated by the t-ratios being close to zero.

Overall maximum convergence ratio =  0.1676 .



@2
Estimation Results.
-------------------

Regular end of estimation algorithm.
Total of 3202 iteration steps.


@3
Estimates and standard errors
                             
Network Dynamics
 1. rate:  constant friendship rate (period 1)                     6.4619  (   1.0904)
 2. rate:  constant friendship rate (period 2)                     5.1743  (   0.9227)
 3. eval:  outdegree (density)                                    -2.7615  (   0.1495)
 4. eval:  reciprocity                                             2.3666  (   0.2167)
 5. eval:  transitive triplets                                     0.6479  (   0.1302)
 6. eval:  3-cycles                                               -0.0910  (   0.2692)
 7. eval:  drinkingbeh alter                                      -0.0711  (   0.1246)
 8. eval:  drinkingbeh ego                                         0.0689  (   0.1262)
 9. eval:  drinkingbeh similarity                                  1.2563  (   0.5891)
10. eval:  smoke1 alter                                            0.1057  (   0.1259)
11. eval:  smoke1 ego                                              0.0422  (   0.1409)
12. eval:  smoke1 similarity                                       0.3905  (   0.2230)
Behavior Dynamics

13. rate:  rate drinkingbeh (period 1)                             1.3114  (   0.3438)
14. rate:  rate drinkingbeh (period 2)                             1.8102  (   0.4559)
15. eval:  drinkingbeh linear shape                                0.4232  (   0.2197)
16. eval:  drinkingbeh quadratic shape                            -0.5965  (   0.3353)
17. eval:  drinkingbeh average alter                               1.3125  (   0.8169)


@3
Covariance matrices
                   
Covariance matrix of estimates (correlations below diagonal):
     1.189     -0.053      0.038     -0.002     -0.015      0.001      0.002      0.000     -0.086     -0.008      0.003     -0.024     -0.032     -0.003      0.017     -0.028      0.062
    -0.053      0.851      0.027     -0.028     -0.019      0.022     -0.010      0.005     -0.103      0.003     -0.013     -0.005     -0.006     -0.010      0.024      0.014      0.021
     0.235      0.195      0.022     -0.016     -0.008      0.006      0.001     -0.002     -0.043      0.000      0.000     -0.006     -0.002     -0.003     -0.001      0.010     -0.016
    -0.008     -0.138     -0.506      0.047      0.008     -0.025     -0.002      0.004     -0.008     -0.001     -0.002      0.004     -0.001     -0.001     -0.002      0.005     -0.018
    -0.109     -0.154     -0.405      0.288      0.017     -0.028      0.001     -0.001      0.003     -0.002     -0.001     -0.004      0.005      0.003     -0.001     -0.003      0.004
     0.003      0.087      0.155     -0.431     -0.812      0.072     -0.002      0.000      0.011      0.005      0.001      0.007     -0.012     -0.009      0.005     -0.002      0.008
     0.013     -0.088      0.066     -0.085      0.049     -0.057      0.016     -0.010     -0.004     -0.007      0.003      0.002     -0.002      0.000     -0.005     -0.002      0.001
     0.003      0.044     -0.108      0.151     -0.065      0.008     -0.605      0.016      0.003      0.002     -0.008      0.001      0.005     -0.005      0.003      0.002     -0.003
    -0.134     -0.190     -0.489     -0.059      0.042      0.068     -0.053      0.046      0.347      0.004      0.000     -0.008      0.016      0.032     -0.008     -0.038      0.060
    -0.057      0.028     -0.022     -0.054     -0.106      0.137     -0.444      0.134      0.053      0.016     -0.003      0.005      0.000     -0.001      0.005     -0.005      0.013
     0.019     -0.100      0.019     -0.050     -0.035      0.026      0.178     -0.456     -0.002     -0.159      0.020      0.009     -0.007      0.006     -0.002     -0.004      0.008
    -0.099     -0.025     -0.174      0.087     -0.123      0.111      0.080      0.036     -0.063      0.174      0.285      0.050     -0.013      0.001      0.003     -0.002      0.001
    -0.086     -0.019     -0.033     -0.011      0.118     -0.132     -0.057      0.126      0.081      0.008     -0.138     -0.167      0.118      0.009     -0.012      0.003     -0.009
    -0.006     -0.023     -0.037     -0.007      0.049     -0.075     -0.007     -0.088      0.117     -0.024      0.097      0.009      0.059      0.208     -0.024     -0.008      0.018
     0.070      0.119     -0.021     -0.042     -0.036      0.078     -0.172      0.124     -0.059      0.166     -0.068      0.052     -0.161     -0.241      0.048     -0.035      0.091
    -0.077      0.046      0.196      0.076     -0.069     -0.025     -0.038      0.052     -0.195     -0.129     -0.083     -0.024      0.030     -0.050     -0.470      0.112     -0.260
     0.069      0.028     -0.131     -0.100      0.033      0.036      0.011     -0.027      0.125      0.128      0.073      0.007     -0.031      0.049      0.509     -0.950      0.667

Derivative matrix of expected statistics X by parameters and
covariance/correlation matrix of X can be found using
summary(ans) within R, or by using the 'verbose' option in Siena07.
 
Total computation time 40.05 seconds.


-----------------------------------
New Analysis started.
Date and time: 13/06/2018 18:38:23
New results follow.
-----------------------------------

RSiena version 1.2-12 (12 May 18)


@1
Estimation by stochastic approximation algorithm.
=================================================

Random initialization of random number stream.
Current random number seed is 516250.
Effects object used: myeff 
Model Type:
 
Behavioral Model Type:
 
Estimation method: unconditional moment estimation.

Time duration for simulations in each period is 1.0.
Standard errors are estimated with the likelihood ratio method.
Dolby method (regression on scores) is used.
Initial value of gain parameter is  0.2000000.
Reduction factor for gain parameter is  0.5000000.
Number of subphases in Phase 2 is 4.

Initial parameter values are 
  1. rate:  constant friendship rate (period 1)             4.6960
  2. rate:  constant friendship rate (period 2)             4.3288
  3. eval:  outdegree (density)                            -1.4677
  4. eval:  reciprocity                                     0.0000
  5. eval:  transitive triplets                             0.0000
  6. eval:  3-cycles                                        0.0000
  7. eval:  drinkingbeh alter                               0.0000
  8. eval:  drinkingbeh ego                                 0.0000
  9. eval:  drinkingbeh similarity                          0.0000
 10. eval:  smoke1 alter                                    0.0000
 11. eval:  smoke1 ego                                      0.0000
 12. eval:  smoke1 similarity                               0.0000
 13. rate:  rate drinkingbeh (period 1)                     0.7057
 14. rate:  rate drinkingbeh (period 2)                     0.8494
 15. eval:  drinkingbeh linear shape                        0.3224
 16. eval:  drinkingbeh quadratic shape                     0.0000
 17. eval:  drinkingbeh indegree                            0.0000
 18. eval:  drinkingbeh outdegree                           0.0000
 19. eval:  drinkingbeh average alter                       0.0000


Observed values of target statistics are
  1. Amount of network change in period 1                               115.0000
  2. Amount of network change in period 2                               106.0000
  3. Number of ties                                                     238.0000
  4. Number of reciprocated ties                                        160.0000
  5. Number of transitive triplets                                      225.0000
  6. 3-cycles                                                            72.0000
  7. Sum indegrees x drinkingbeh                                        -16.9733
  8. Sum outdegrees x drinkingbeh                                        -8.9733
  9. Similarity on drinkingbeh                                           21.9957
 10. Sum indegrees x smoke1                                              -4.1000
 11. Sum outdegrees x smoke1                                             -4.1000
 12. Similarity on smoke1                                                28.9400
 13. Amount of behavioral change in period 1 on drinkingbeh              27.0000
 14. Amount of behavioral change in period 2 on drinkingbeh              33.0000
 15. drinkingbeh centered sum                                            11.6667
 16. drinkingbeh sum of cent. squares                                   121.0711
 17. drinkingbeh indegrees                                               51.0467
 18. drinkingbeh outdegrees                                              52.0467
 19. drinkingbeh average alters                                          53.9086

 19 parameters, 19 statistics

Estimation of derivatives by the LR method (type 1).


@2
End of stochastic approximation algorithm, phase 3.
---------------------------------------------------

Total of 3591 iterations.
Parameter estimates based on 2591 iterations,
convergence diagnostics, covariance and derivative matrices based on 1000 iterations.

Information for convergence diagnosis.
Averages, standard deviations, and t-ratios for deviations from targets:
  1.  -0.0950  10.0372  -0.0095 
  2.  -0.7590   9.5617  -0.0794 
  3.  -0.9160  21.9187  -0.0418 
  4.  -0.1460  19.6306  -0.0074 
  5.  -1.8170  66.7218  -0.0272 
  6.  -0.4980  21.7967  -0.0228 
  7.  -0.6742  21.8138  -0.0309 
  8.  -0.6562  21.2293  -0.0309 
  9.  -0.0473   4.2548  -0.0111 
 10.  -0.4878  13.8832  -0.0351 
 11.   0.0442  13.6018   0.0032 
 12.  -0.1314   7.1656  -0.0183 
 13.  -0.2340   4.6048  -0.0508 
 14.   0.0700   4.8813   0.0143 
 15.  -0.5360   9.3670  -0.0572 
 16.   0.8695  14.1036   0.0617 
 17.  -0.9960  25.3577  -0.0393 
 18.  -1.8990  23.6062  -0.0804 
 19.   0.3425  13.0152   0.0263 

Good convergence is indicated by the t-ratios being close to zero.

Overall maximum convergence ratio =  0.2032 .



@2
Estimation Results.
-------------------

Regular end of estimation algorithm.
Total of 3591 iteration steps.


@3
Estimates and standard errors
                             
Network Dynamics
 1. rate:  constant friendship rate (period 1)                     6.5433  (   1.1532)
 2. rate:  constant friendship rate (period 2)                     5.1861  (   1.2271)
 3. eval:  outdegree (density)                                    -2.7784  (   0.1461)
 4. eval:  reciprocity                                             2.3854  (   0.2584)
 5. eval:  transitive triplets                                     0.6418  (   0.1830)
 6. eval:  3-cycles                                               -0.0664  (   0.3279)
 7. eval:  drinkingbeh alter                                      -0.0703  (   0.1404)
 8. eval:  drinkingbeh ego                                         0.0700  (   0.1367)
 9. eval:  drinkingbeh similarity                                  1.2533  (   0.6547)
10. eval:  smoke1 alter                                            0.1121  (   0.1450)
11. eval:  smoke1 ego                                              0.0440  (   0.1395)
12. eval:  smoke1 similarity                                       0.4055  (   0.2341)
Behavior Dynamics

13. rate:  rate drinkingbeh (period 1)                             1.2358  (   0.3239)
14. rate:  rate drinkingbeh (period 2)                             1.7256  (   0.6250)
15. eval:  drinkingbeh linear shape                               -0.6917  (   3.0388)
16. eval:  drinkingbeh quadratic shape                            -1.5516  (   4.5684)
17. eval:  drinkingbeh indegree                                   -0.9082  (   3.0811)
18. eval:  drinkingbeh outdegree                                   1.5454  (   5.1889)
19. eval:  drinkingbeh average alter                               3.3602  (   9.9656)


@3
Covariance matrices
                   
Covariance matrix of estimates (correlations below diagonal):
     1.330     -0.100      0.013      0.031     -0.024      0.008     -0.007     -0.017      0.029      0.005      0.014     -0.016     -0.017      0.005      0.314      0.377      0.247     -0.448     -0.840
    -0.070      1.506     -0.020      0.121      0.080     -0.119      0.070      0.026     -0.399     -0.047     -0.032      0.047     -0.053     -0.285     -2.684     -4.247     -2.860      4.892      9.280
     0.079     -0.110      0.021     -0.021     -0.012      0.012      0.003     -0.006     -0.026      0.001      0.002     -0.004     -0.003      0.009      0.123      0.216      0.142     -0.241     -0.463
     0.104      0.382     -0.559      0.067      0.020     -0.041      0.002      0.011     -0.044     -0.006     -0.006      0.004     -0.003     -0.048     -0.368     -0.615     -0.420      0.713      1.332
    -0.113      0.355     -0.453      0.423      0.033     -0.052      0.007     -0.001     -0.026     -0.008     -0.002      0.001      0.006     -0.015     -0.272     -0.421     -0.273      0.475      0.922
     0.022     -0.297      0.240     -0.487     -0.871      0.108     -0.013      0.004      0.051      0.013      0.004      0.000     -0.010      0.021      0.373      0.579      0.378     -0.657     -1.276
    -0.043      0.408      0.146      0.064      0.262     -0.280      0.020     -0.008     -0.032     -0.011     -0.001      0.005     -0.005     -0.022     -0.182     -0.262     -0.176      0.305      0.581
    -0.106      0.157     -0.320      0.325     -0.036      0.082     -0.421      0.019     -0.002      0.001     -0.009      0.001      0.000     -0.011     -0.068     -0.146     -0.090      0.153      0.319
     0.039     -0.497     -0.276     -0.260     -0.220      0.239     -0.351     -0.025      0.429      0.018      0.011     -0.034      0.045      0.127      0.746      1.249      0.922     -1.518     -2.741
     0.028     -0.267      0.035     -0.149     -0.293      0.275     -0.545      0.051      0.185      0.021      0.001      0.005      0.002      0.009      0.166      0.261      0.168     -0.290     -0.577
     0.086     -0.184      0.077     -0.160     -0.092      0.077     -0.052     -0.457      0.124      0.026      0.019      0.008      0.002      0.011      0.096      0.135      0.077     -0.144     -0.298
    -0.059      0.163     -0.107      0.062      0.021      0.005      0.149      0.043     -0.224      0.158      0.252      0.055     -0.007     -0.031     -0.054     -0.148     -0.120      0.183      0.327
    -0.047     -0.132     -0.059     -0.038      0.097     -0.095     -0.113     -0.005      0.213      0.036      0.036     -0.087      0.105      0.032      0.024      0.136      0.157     -0.215     -0.295
     0.006     -0.371      0.102     -0.299     -0.132      0.101     -0.251     -0.131      0.310      0.096      0.124     -0.212      0.159      0.391      0.894      1.556      1.054     -1.798     -3.377
     0.090     -0.720      0.278     -0.469     -0.489      0.375     -0.428     -0.163      0.375      0.377      0.225     -0.075      0.024      0.471      9.234     12.868      8.035    -14.519    -27.995
     0.072     -0.758      0.323     -0.521     -0.504      0.387     -0.408     -0.234      0.418      0.395      0.211     -0.139      0.092      0.545      0.927     20.870     13.692    -23.505    -45.460
     0.070     -0.757      0.317     -0.528     -0.485      0.374     -0.406     -0.215      0.457      0.377      0.179     -0.167      0.157      0.547      0.858      0.973      9.493    -15.815    -29.728
    -0.075      0.768     -0.319      0.531      0.501     -0.386      0.418      0.215     -0.447     -0.386     -0.199      0.150     -0.128     -0.554     -0.921     -0.992     -0.989     26.925     51.093
    -0.073      0.759     -0.318      0.517      0.506     -0.390      0.415      0.234     -0.420     -0.399     -0.214      0.140     -0.091     -0.542     -0.924     -0.999     -0.968      0.988     99.312

Derivative matrix of expected statistics X by parameters and
covariance/correlation matrix of X can be found using
summary(ans) within R, or by using the 'verbose' option in Siena07.
 
Total computation time 50.36 seconds.


-----------------------------------
New Analysis started.
Date and time: 13/06/2018 18:39:13
New results follow.
-----------------------------------

RSiena version 1.2-12 (12 May 18)


@1
Estimation by stochastic approximation algorithm.
=================================================

Random initialization of random number stream.
Current random number seed is 669606.
Effects object used: myeff 
Model Type:
 
Behavioral Model Type:
 
Estimation method: unconditional moment estimation.

Time duration for simulations in each period is 1.0.
Standard errors are estimated with the likelihood ratio method.
Dolby method (regression on scores) is used.
Initial value of gain parameter is  0.2000000.
Reduction factor for gain parameter is  0.5000000.
Number of subphases in Phase 2 is 4.

Initial parameter values are 
  1. rate:  constant friendship rate (period 1)             4.6960
  2. rate:  constant friendship rate (period 2)             4.3288
  3. eval:  outdegree (density)                            -1.4677
  4. eval:  reciprocity                                     0.0000
  5. eval:  transitive triplets                             0.0000
  6. eval:  3-cycles                                        0.0000
  7. eval:  drinkingbeh alter                               0.0000
  8. eval:  drinkingbeh ego                                 0.0000
  9. eval:  drinkingbeh similarity                          0.0000
 10. eval:  smoke1 alter                                    0.0000
 11. eval:  smoke1 ego                                      0.0000
 12. eval:  smoke1 similarity                               0.0000
 13. rate:  rate drinkingbeh (period 1)                     0.7057
 14. rate:  rate drinkingbeh (period 2)                     0.8494
 15. eval:  drinkingbeh linear shape                        0.3224
 16. eval:  drinkingbeh quadratic shape                     0.0000
 17. eval:  drinkingbeh indegree                            0.0000
 18. eval:  drinkingbeh outdegree                           0.0000
 19. eval:  drinkingbeh average alter                       0.0000


Observed values of target statistics are
  1. Amount of network change in period 1                               115.0000
  2. Amount of network change in period 2                               106.0000
  3. Number of ties                                                     238.0000
  4. Number of reciprocated ties                                        160.0000
  5. Number of transitive triplets                                      225.0000
  6. 3-cycles                                                            72.0000
  7. Sum indegrees x drinkingbeh                                        -16.9733
  8. Sum outdegrees x drinkingbeh                                        -8.9733
  9. Similarity on drinkingbeh                                           21.9957
 10. Sum indegrees x smoke1                                              -4.1000
 11. Sum outdegrees x smoke1                                             -4.1000
 12. Similarity on smoke1                                                28.9400
 13. Amount of behavioral change in period 1 on drinkingbeh              27.0000
 14. Amount of behavioral change in period 2 on drinkingbeh              33.0000
 15. drinkingbeh centered sum                                            11.6667
 16. drinkingbeh sum of cent. squares                                   121.0711
 17. drinkingbeh indegrees                                               51.0467
 18. drinkingbeh outdegrees                                              52.0467
 19. drinkingbeh average alters                                          53.9086

 19 parameters, 19 statistics

Estimation of derivatives by the LR method (type 1).


@2
End of stochastic approximation algorithm, phase 3.
---------------------------------------------------

Total of 3471 iterations.
Parameter estimates based on 2471 iterations,
convergence diagnostics, covariance and derivative matrices based on 1000 iterations.

Information for convergence diagnosis.
Averages, standard deviations, and t-ratios for deviations from targets:
  1.  -0.1610  10.4283  -0.0154 
  2.  -0.0640   9.3637  -0.0068 
  3.  -0.6490  22.2146  -0.0292 
  4.  -0.4340  20.2608  -0.0214 
  5.   1.3670  72.1833   0.0189 
  6.   0.0040  23.5027   0.0002 
  7.   0.1366  22.0670   0.0062 
  8.  -0.1744  21.4343  -0.0081 
  9.  -0.0231   4.0087  -0.0058 
 10.   0.0871  13.9072   0.0063 
 11.  -0.5630  13.2515  -0.0425 
 12.  -0.2134   6.9713  -0.0306 
 13.  -0.1250   4.5747  -0.0273 
 14.   0.2120   5.1449   0.0412 
 15.  -0.2570   9.8045  -0.0262 
 16.  -0.3867  14.4060  -0.0268 
 17.  -1.2390  26.1966  -0.0473 
 18.  -0.8770  25.0695  -0.0350 
 19.  -0.2347  13.3279  -0.0176 

Good convergence is indicated by the t-ratios being close to zero.

Overall maximum convergence ratio =  0.2454 .



@2
Estimation Results.
-------------------

Regular end of estimation algorithm.
Total of 3471 iteration steps.


@3
Estimates and standard errors
                             
Network Dynamics
 1. rate:  constant friendship rate (period 1)                     6.4971  (   1.1123)
 2. rate:  constant friendship rate (period 2)                     5.1731  (   1.3264)
 3. eval:  outdegree (density)                                    -2.7861  (   0.1616)
 4. eval:  reciprocity                                             2.3956  (   0.2742)
 5. eval:  transitive triplets                                     0.6653  (   0.1345)
 6. eval:  3-cycles                                               -0.1158  (   0.3133)
 7. eval:  drinkingbeh alter                                      -0.0770  (   0.2009)
 8. eval:  drinkingbeh ego                                         0.0768  (   0.1719)
 9. eval:  drinkingbeh similarity                                  1.2327  (   0.8210)
10. eval:  smoke1 alter                                            0.1149  (   0.1465)
11. eval:  smoke1 ego                                              0.0400  (   0.1747)
12. eval:  smoke1 similarity                                       0.4062  (   0.2379)
Behavior Dynamics

13. rate:  rate drinkingbeh (period 1)                             1.2387  (   0.3586)
14. rate:  rate drinkingbeh (period 2)                             1.7316  (   0.6198)
15. eval:  drinkingbeh linear shape                               -0.6813  (   3.1241)
16. eval:  drinkingbeh quadratic shape                            -1.6746  (   4.8934)
17. eval:  drinkingbeh indegree                                   -0.9821  (   3.9172)
18. eval:  drinkingbeh outdegree                                   1.6390  (   6.0388)
19. eval:  drinkingbeh average alter                               3.6352  (  10.8274)


@3
Covariance matrices
                   
Covariance matrix of estimates (correlations below diagonal):
     1.237      0.468      0.067      0.102     -0.012     -0.084      0.097     -0.073     -0.401     -0.040     -0.048     -0.017     -0.074     -0.266     -1.588     -2.766     -2.385      3.598      6.114
     0.317      1.759      0.110      0.105     -0.031     -0.098      0.146     -0.109     -0.648     -0.043     -0.109     -0.037      0.008     -0.312     -2.680     -4.717     -3.658      5.637     10.472
     0.373      0.514      0.026     -0.004     -0.007     -0.007      0.017     -0.013     -0.084     -0.007     -0.008     -0.006     -0.005     -0.041     -0.247     -0.412     -0.316      0.497      0.916
     0.335      0.290     -0.088      0.075      0.008     -0.044      0.020     -0.010     -0.109     -0.006     -0.019     -0.004     -0.012     -0.053     -0.440     -0.680     -0.553      0.864      1.503
    -0.081     -0.173     -0.323      0.212      0.018     -0.031      0.000      0.000      0.003      0.000      0.001      0.000     -0.001      0.012      0.029      0.081      0.081     -0.110     -0.168
    -0.240     -0.237     -0.138     -0.513     -0.729      0.098     -0.025      0.017      0.093      0.010      0.014      0.005      0.007      0.028      0.351      0.511      0.357     -0.595     -1.159
     0.433      0.548      0.514      0.361     -0.017     -0.396      0.040     -0.027     -0.104     -0.016     -0.015     -0.006     -0.014     -0.055     -0.467     -0.743     -0.592      0.923      1.661
    -0.383     -0.479     -0.472     -0.202     -0.006      0.308     -0.789      0.030      0.069      0.008      0.004      0.006      0.011      0.036      0.301      0.513      0.413     -0.633     -1.155
    -0.440     -0.595     -0.632     -0.484      0.028      0.363     -0.628      0.488      0.674      0.035      0.066      0.003      0.042      0.252      1.846      2.971      2.316     -3.643     -6.610
    -0.243     -0.222     -0.298     -0.149     -0.007      0.224     -0.530      0.320      0.291      0.021      0.003      0.014      0.001      0.017      0.144      0.228      0.189     -0.292     -0.511
    -0.248     -0.470     -0.272     -0.390      0.034      0.248     -0.438      0.121      0.461      0.117      0.031      0.011      0.005      0.036      0.329      0.525      0.410     -0.645     -1.159
    -0.062     -0.116     -0.163     -0.059      0.010      0.073     -0.133      0.147      0.016      0.402      0.261      0.057     -0.002      0.006      0.089      0.160      0.137     -0.202     -0.372
    -0.186      0.016     -0.090     -0.120     -0.019      0.063     -0.199      0.183      0.142      0.027      0.072     -0.023      0.129      0.046      0.066      0.099      0.144     -0.212     -0.214
    -0.386     -0.380     -0.410     -0.309      0.139      0.146     -0.444      0.338      0.496      0.190      0.336      0.038      0.208      0.384      1.059      1.659      1.417     -2.197     -3.638
    -0.457     -0.647     -0.490     -0.514      0.070      0.359     -0.744      0.561      0.720      0.316      0.603      0.120      0.059      0.547      9.760     14.463     11.194    -17.895    -31.891
    -0.508     -0.727     -0.521     -0.507      0.124      0.333     -0.756      0.610      0.740      0.318      0.614      0.138      0.056      0.547      0.946     23.945     18.789    -29.244    -52.910
    -0.547     -0.704     -0.500     -0.515      0.154      0.291     -0.752      0.614      0.720      0.329      0.599      0.147      0.103      0.584      0.915      0.980     15.345    -23.536    -41.408
     0.536      0.704      0.509      0.522     -0.135     -0.314      0.761     -0.609     -0.735     -0.330     -0.612     -0.141     -0.098     -0.587     -0.949     -0.990     -0.995     36.467     64.474
     0.508      0.729      0.524      0.506     -0.115     -0.342      0.764     -0.621     -0.744     -0.322     -0.612     -0.144     -0.055     -0.542     -0.943     -0.999     -0.976      0.986    117.233

Derivative matrix of expected statistics X by parameters and
covariance/correlation matrix of X can be found using
summary(ans) within R, or by using the 'verbose' option in Siena07.
 
Total computation time 53.46 seconds.


-----------------------------------
New Analysis started.
Date and time: 13/06/2018 18:41:27
New results follow.
-----------------------------------

RSiena version 1.2-12 (12 May 18)


@1
Estimation by stochastic approximation algorithm.
=================================================

Random initialization of random number stream.
Current random number seed is 417565.
Effects object used: myeff 
Model Type:
 
Behavioral Model Type:
 
Estimation method: unconditional moment estimation.

Time duration for simulations in each period is 1.0.
Standard errors are estimated with the likelihood ratio method.
Dolby method (regression on scores) is used.
Initial value of gain parameter is  0.2000000.
Reduction factor for gain parameter is  0.5000000.
Number of subphases in Phase 2 is 4.

Initial parameter values are 
  1. rate:  constant friendship rate (period 1)             4.6960
  2. rate:  constant friendship rate (period 2)             4.3288
  3. eval:  outdegree (density)                            -1.4677
  4. eval:  reciprocity                                     0.0000
  5. eval:  transitive triplets                             0.0000
  6. eval:  3-cycles                                        0.0000
  7. eval:  drinkingbeh alter                               0.0000
  8. eval:  drinkingbeh ego                                 0.0000
  9. eval:  drinkingbeh similarity                          0.0000
 10. eval:  smoke1 alter                                    0.0000
 11. eval:  smoke1 ego                                      0.0000
 12. eval:  smoke1 similarity                               0.0000
 13. rate:  rate drinkingbeh (period 1)                     0.7057
 14. rate:  rate drinkingbeh (period 2)                     0.8494
 15. eval:  drinkingbeh linear shape                        0.3224
 16. eval:  drinkingbeh quadratic shape                     0.0000
 17. eval:  drinkingbeh indegree                            0.0000
 18. eval:  drinkingbeh outdegree                           0.0000
 19. eval:  drinkingbeh average alter                       0.0000


Observed values of target statistics are
  1. Amount of network change in period 1                               115.0000
  2. Amount of network change in period 2                               106.0000
  3. Number of ties                                                     238.0000
  4. Number of reciprocated ties                                        160.0000
  5. Number of transitive triplets                                      225.0000
  6. 3-cycles                                                            72.0000
  7. Sum indegrees x drinkingbeh                                        -16.9733
  8. Sum outdegrees x drinkingbeh                                        -8.9733
  9. Similarity on drinkingbeh                                           21.9957
 10. Sum indegrees x smoke1                                              -4.1000
 11. Sum outdegrees x smoke1                                             -4.1000
 12. Similarity on smoke1                                                28.9400
 13. Amount of behavioral change in period 1 on drinkingbeh              27.0000
 14. Amount of behavioral change in period 2 on drinkingbeh              33.0000
 15. drinkingbeh centered sum                                            11.6667
 16. drinkingbeh sum of cent. squares                                   121.0711
 17. drinkingbeh indegrees                                               51.0467
 18. drinkingbeh outdegrees                                              52.0467
 19. drinkingbeh average alters                                          53.9086

 19 parameters, 19 statistics

Estimation of derivatives by the LR method (type 1).


@2
End of stochastic approximation algorithm, phase 3.
---------------------------------------------------

Total of 3496 iterations.
Parameter estimates based on 2496 iterations,
convergence diagnostics, covariance and derivative matrices based on 1000 iterations.

Information for convergence diagnosis.
Averages, standard deviations, and t-ratios for deviations from targets:
  1.   0.2950  10.3736   0.0284 
  2.  -0.3910   9.7307  -0.0402 
  3.  -0.2700  22.5732  -0.0120 
  4.   0.3140  20.7673   0.0151 
  5.  -0.9890  71.7745  -0.0138 
  6.  -0.3840  23.4057  -0.0164 
  7.  -0.3434  22.1172  -0.0155 
  8.   0.1856  21.7990   0.0085 
  9.  -0.0967   4.2061  -0.0230 
 10.  -0.9695  13.6571  -0.0710 
 11.  -1.1405  13.3856  -0.0852 
 12.   0.4645   7.0867   0.0656 
 13.  -0.1790   4.4830  -0.0399 
 14.   0.1440   4.8616   0.0296 
 15.  -0.1690   9.6489  -0.0175 
 16.  -1.0087  14.4090  -0.0700 
 17.   0.4170  26.0400   0.0160 
 18.  -0.6860  24.4821  -0.0280 
 19.  -0.2079  13.4761  -0.0154 

Good convergence is indicated by the t-ratios being close to zero.

Overall maximum convergence ratio =  0.2495 .



@2
Estimation Results.
-------------------

Regular end of estimation algorithm.
Total of 3496 iteration steps.


@3
Estimates and standard errors
                             
Network Dynamics
 1. rate:  constant friendship rate (period 1)                     6.5539  (   1.3551)
 2. rate:  constant friendship rate (period 2)                     5.2119  (   0.7959)
 3. eval:  outdegree (density)                                    -2.7693  (   0.1649)
 4. eval:  reciprocity                                             2.3814  (   0.2525)
 5. eval:  transitive triplets                                     0.6396  (   0.1439)
 6. eval:  3-cycles                                               -0.0742  (   0.3279)
 7. eval:  drinkingbeh alter                                      -0.0738  (   0.1239)
 8. eval:  drinkingbeh ego                                         0.0811  (   0.1303)
 9. eval:  drinkingbeh similarity                                  1.2285  (   0.7255)
10. eval:  smoke1 alter                                            0.1116  (   0.1368)
11. eval:  smoke1 ego                                              0.0343  (   0.1675)
12. eval:  smoke1 similarity                                       0.4092  (   0.2467)
Behavior Dynamics

13. rate:  rate drinkingbeh (period 1)                             1.2331  (   0.5260)
14. rate:  rate drinkingbeh (period 2)                             1.7294  (   0.5971)
15. eval:  drinkingbeh linear shape                               -0.7179  (   2.6215)
16. eval:  drinkingbeh quadratic shape                            -1.5843  (   6.3395)
17. eval:  drinkingbeh indegree                                   -0.8520  (   4.6663)
18. eval:  drinkingbeh outdegree                                   1.5022  (   6.8426)
19. eval:  drinkingbeh average alter                               3.4346  (  14.1760)


@3
Covariance matrices
                   
Covariance matrix of estimates (correlations below diagonal):
     1.836     -0.047      0.074     -0.047     -0.048      0.120     -0.012     -0.004     -0.209      0.001      0.031     -0.104      0.022      0.017      0.291      1.260      0.769     -1.080     -2.721
    -0.043      0.633      0.028     -0.024     -0.010      0.019     -0.002      0.004     -0.114     -0.005      0.000     -0.005      0.037      0.042     -0.059      0.435      0.431     -0.508     -0.954
     0.329      0.213      0.027     -0.020     -0.008      0.014      0.003     -0.004     -0.070      0.000      0.006     -0.010      0.013      0.006      0.095      0.291      0.214     -0.306     -0.629
    -0.137     -0.120     -0.490      0.064      0.010     -0.038     -0.004      0.006     -0.007     -0.002     -0.011      0.002     -0.025     -0.029     -0.154     -0.361     -0.293      0.437      0.779
    -0.247     -0.089     -0.351      0.280      0.021     -0.038      0.002     -0.002     -0.007     -0.002     -0.004      0.004     -0.009     -0.012     -0.055     -0.163     -0.112      0.168      0.366
     0.270      0.073      0.254     -0.461     -0.806      0.107     -0.005      0.001      0.013      0.007      0.018     -0.014      0.063      0.058      0.352      0.993      0.726     -1.073     -2.218
    -0.073     -0.024      0.124     -0.125      0.095     -0.127      0.015     -0.009     -0.005     -0.009      0.000      0.002     -0.006     -0.009     -0.077     -0.103     -0.074      0.125      0.237
    -0.022      0.037     -0.182      0.173     -0.115      0.024     -0.538      0.017      0.005      0.002     -0.010      0.004     -0.009      0.002     -0.006     -0.084     -0.068      0.087      0.174
    -0.213     -0.197     -0.586     -0.040     -0.064      0.053     -0.058      0.058      0.526      0.006     -0.005      0.010     -0.010      0.032     -0.147     -0.608     -0.444      0.589      1.284
     0.004     -0.047     -0.017     -0.047     -0.090      0.158     -0.501      0.099      0.063      0.019      0.002      0.007      0.012      0.011      0.090      0.185      0.140     -0.215     -0.413
     0.135      0.002      0.232     -0.257     -0.157      0.329     -0.017     -0.448     -0.045      0.091      0.028     -0.001      0.042      0.030      0.232      0.602      0.445     -0.660     -1.338
    -0.312     -0.025     -0.253      0.031      0.126     -0.176      0.070      0.110      0.058      0.195     -0.013      0.061     -0.024     -0.015     -0.110     -0.391     -0.276      0.394      0.865
     0.031      0.088      0.147     -0.191     -0.117      0.363     -0.091     -0.132     -0.026      0.172      0.472     -0.187      0.277      0.141      0.820      2.500      1.926     -2.781     -5.581
     0.021      0.089      0.062     -0.195     -0.144      0.295     -0.121      0.026      0.074      0.132      0.304     -0.104      0.449      0.357      0.678      1.800      1.400     -2.071     -4.008
     0.082     -0.028      0.220     -0.232     -0.146      0.410     -0.237     -0.016     -0.077      0.250      0.529     -0.170      0.595      0.433      6.872     14.492     10.148    -15.744    -32.281
     0.147      0.086      0.278     -0.225     -0.178      0.478     -0.131     -0.101     -0.132      0.213      0.567     -0.250      0.750      0.475      0.872     40.189     29.139    -43.009    -89.797
     0.122      0.116      0.278     -0.249     -0.166      0.474     -0.127     -0.112     -0.131      0.220      0.570     -0.240      0.785      0.503      0.830      0.985     21.774    -31.777    -64.999
    -0.116     -0.093     -0.271      0.253      0.171     -0.478      0.147      0.098      0.119     -0.229     -0.576      0.233     -0.773     -0.507     -0.878     -0.991     -0.995     46.821     95.943
    -0.142     -0.085     -0.269      0.218      0.180     -0.477      0.135      0.094      0.125     -0.213     -0.563      0.247     -0.749     -0.474     -0.869     -0.999     -0.983      0.989    200.960

Derivative matrix of expected statistics X by parameters and
covariance/correlation matrix of X can be found using
summary(ans) within R, or by using the 'verbose' option in Siena07.
 
Total computation time 50.95 seconds.


-----------------------------------
New Analysis started.
Date and time: 13/06/2018 18:42:18
New results follow.
-----------------------------------

RSiena version 1.2-12 (12 May 18)


@1
Estimation by stochastic approximation algorithm.
=================================================

Random initialization of random number stream.
Current random number seed is 492790.
Effects object used: myeff 
Model Type:
 
Behavioral Model Type:
 
Estimation method: unconditional moment estimation.

Time duration for simulations in each period is 1.0.
Standard errors are estimated with the likelihood ratio method.
Dolby method (regression on scores) is used.
Initial value of gain parameter is  0.2000000.
Reduction factor for gain parameter is  0.5000000.
Number of subphases in Phase 2 is 4.

Initial parameter values are 
  1. rate:  constant friendship rate (period 1)             4.6960
  2. rate:  constant friendship rate (period 2)             4.3288
  3. eval:  outdegree (density)                            -1.4677
  4. eval:  reciprocity                                     0.0000
  5. eval:  transitive triplets                             0.0000
  6. eval:  3-cycles                                        0.0000
  7. eval:  drinkingbeh alter                               0.0000
  8. eval:  drinkingbeh ego                                 0.0000
  9. eval:  drinkingbeh similarity                          0.0000
 10. eval:  smoke1 alter                                    0.0000
 11. eval:  smoke1 ego                                      0.0000
 12. eval:  smoke1 similarity                               0.0000
 13. rate:  rate drinkingbeh (period 1)                     0.7057
 14. rate:  rate drinkingbeh (period 2)                     0.8494
 15. eval:  drinkingbeh linear shape                        0.3224
 16. eval:  drinkingbeh quadratic shape                     0.0000
 17. eval:  drinkingbeh indegree                            0.0000
 18. eval:  drinkingbeh outdegree                           0.0000
 19. eval:  drinkingbeh average alter                       0.0000


Observed values of target statistics are
  1. Amount of network change in period 1                               115.0000
  2. Amount of network change in period 2                               106.0000
  3. Number of ties                                                     238.0000
  4. Number of reciprocated ties                                        160.0000
  5. Number of transitive triplets                                      225.0000
  6. 3-cycles                                                            72.0000
  7. Sum indegrees x drinkingbeh                                        -16.9733
  8. Sum outdegrees x drinkingbeh                                        -8.9733
  9. Similarity on drinkingbeh                                           21.9957
 10. Sum indegrees x smoke1                                              -4.1000
 11. Sum outdegrees x smoke1                                             -4.1000
 12. Similarity on smoke1                                                28.9400
 13. Amount of behavioral change in period 1 on drinkingbeh              27.0000
 14. Amount of behavioral change in period 2 on drinkingbeh              33.0000
 15. drinkingbeh centered sum                                            11.6667
 16. drinkingbeh sum of cent. squares                                   121.0711
 17. drinkingbeh indegrees                                               51.0467
 18. drinkingbeh outdegrees                                              52.0467
 19. drinkingbeh average alters                                          53.9086

 19 parameters, 19 statistics

Estimation of derivatives by the LR method (type 1).


@2
End of stochastic approximation algorithm, phase 3.
---------------------------------------------------

Total of 3471 iterations.
Parameter estimates based on 2471 iterations,
convergence diagnostics, covariance and derivative matrices based on 1000 iterations.

Information for convergence diagnosis.
Averages, standard deviations, and t-ratios for deviations from targets:
  1.  -0.4380  10.6170  -0.0413 
  2.  -0.5050   9.5493  -0.0529 
  3.  -1.1950  23.0505  -0.0518 
  4.  -0.0600  20.8779  -0.0029 
  5.  -2.9100  70.3596  -0.0414 
  6.  -1.1420  22.8256  -0.0500 
  7.  -1.5116  21.9218  -0.0690 
  8.  -1.0696  20.8608  -0.0513 
  9.  -0.1991   4.2234  -0.0471 
 10.  -1.5752  13.3918  -0.1176 
 11.  -0.9903  12.9393  -0.0765 
 12.   0.3711   7.0048   0.0530 
 13.   0.0810   4.6975   0.0172 
 14.   0.3170   4.9280   0.0643 
 15.   0.6120   9.7095   0.0630 
 16.  -0.6707  14.5241  -0.0462 
 17.   1.2520  26.6039   0.0471 
 18.   1.5260  24.8457   0.0614 
 19.  -0.0057  13.2972  -0.0004 

Good convergence is indicated by the t-ratios being close to zero.

Overall maximum convergence ratio =  0.2563 .



@2
Estimation Results.
-------------------

Regular end of estimation algorithm.
Total of 3471 iteration steps.


@3
Estimates and standard errors
                             
Network Dynamics
 1. rate:  constant friendship rate (period 1)                     6.5496  (   1.0355)
 2. rate:  constant friendship rate (period 2)                     5.1971  (   0.8641)
 3. eval:  outdegree (density)                                    -2.7807  (   0.1459)
 4. eval:  reciprocity                                             2.3986  (   0.2329)
 5. eval:  transitive triplets                                     0.6539  (   0.1667)
 6. eval:  3-cycles                                               -0.0991  (   0.3166)
 7. eval:  drinkingbeh alter                                      -0.0716  (   0.1226)
 8. eval:  drinkingbeh ego                                         0.0745  (   0.1345)
 9. eval:  drinkingbeh similarity                                  1.2225  (   0.6176)
10. eval:  smoke1 alter                                            0.1069  (   0.1362)
11. eval:  smoke1 ego                                              0.0435  (   0.1513)
12. eval:  smoke1 similarity                                       0.4038  (   0.3072)
Behavior Dynamics

13. rate:  rate drinkingbeh (period 1)                             1.2384  (   0.3379)
14. rate:  rate drinkingbeh (period 2)                             1.7344  (   0.4668)
15. eval:  drinkingbeh linear shape                               -0.9897  (   3.7836)
16. eval:  drinkingbeh quadratic shape                            -2.0536  (   5.6051)
17. eval:  drinkingbeh indegree                                   -1.2189  (   4.6659)
18. eval:  drinkingbeh outdegree                                   2.0775  (   7.2280)
19. eval:  drinkingbeh average alter                               4.4548  (  12.6962)


@3
Covariance matrices
                   
Covariance matrix of estimates (correlations below diagonal):
     1.072      0.000      0.013     -0.019     -0.017      0.026      0.003     -0.002     -0.112      0.010     -0.013      0.041     -0.026      0.022     -0.617     -1.091     -0.838      1.313      2.535
     0.000      0.747      0.014     -0.016     -0.013     -0.002     -0.027      0.017      0.009      0.006     -0.026      0.015     -0.023      0.049     -0.837     -1.386     -0.960      1.551      3.200
     0.086      0.111      0.021     -0.017     -0.006      0.004      0.000     -0.001     -0.048      0.000     -0.002     -0.004     -0.005     -0.005      0.002     -0.013     -0.003      0.007      0.040
    -0.080     -0.081     -0.496      0.054      0.010     -0.029     -0.002      0.007      0.012     -0.001      0.004     -0.010      0.011      0.000      0.199      0.379      0.260     -0.419     -0.869
    -0.098     -0.089     -0.247      0.264      0.028     -0.045      0.006     -0.008      0.007     -0.001      0.001     -0.017      0.019      0.014      0.202      0.370      0.401     -0.574     -0.813
     0.080     -0.006      0.080     -0.394     -0.850      0.100     -0.009      0.011     -0.002      0.003     -0.002      0.024     -0.023     -0.024     -0.221     -0.489     -0.561      0.776      1.069
     0.025     -0.260      0.002     -0.075      0.303     -0.225      0.015     -0.010     -0.001     -0.006      0.002     -0.003      0.005      0.004      0.073      0.162      0.171     -0.241     -0.352
    -0.018      0.150     -0.044      0.211     -0.353      0.253     -0.592      0.018     -0.005      0.001     -0.006      0.005     -0.004     -0.012     -0.005     -0.057     -0.110      0.133      0.111
    -0.176      0.017     -0.538      0.086      0.072     -0.013     -0.011     -0.065      0.381     -0.009      0.019     -0.033      0.022      0.015      0.241      0.355      0.330     -0.518     -0.839
     0.069      0.048      0.008     -0.029     -0.054      0.077     -0.371      0.049     -0.106      0.019     -0.003      0.010     -0.002      0.006     -0.016     -0.040     -0.052      0.069      0.080
    -0.084     -0.202     -0.085      0.100      0.040     -0.047      0.100     -0.275      0.198     -0.157      0.023      0.002      0.005     -0.006      0.141      0.257      0.151     -0.254     -0.601
     0.128      0.058     -0.096     -0.137     -0.339      0.244     -0.077      0.133     -0.173      0.250      0.043      0.094     -0.032      0.003     -0.631     -0.976     -0.907      1.375      2.171
    -0.075     -0.080     -0.094      0.144      0.335     -0.214      0.121     -0.095      0.106     -0.038      0.094     -0.311      0.114      0.012      0.544      0.923      0.827     -1.260     -2.087
     0.045      0.122     -0.074     -0.004      0.182     -0.162      0.069     -0.199      0.053      0.101     -0.087      0.021      0.076      0.218     -0.034     -0.074      0.099     -0.105      0.225
    -0.158     -0.256      0.003      0.226      0.320     -0.184      0.158     -0.009      0.103     -0.030      0.246     -0.543      0.426     -0.019     14.315     19.945     15.555    -25.389    -44.953
    -0.188     -0.286     -0.016      0.290      0.396     -0.275      0.236     -0.075      0.103     -0.052      0.302     -0.567      0.487     -0.028      0.940     31.417     25.046    -39.664    -71.057
    -0.174     -0.238     -0.004      0.239      0.515     -0.380      0.298     -0.176      0.114     -0.083      0.214     -0.633      0.524      0.046      0.881      0.958     21.770    -33.487    -56.226
     0.175      0.248      0.007     -0.249     -0.476      0.339     -0.272      0.137     -0.116      0.070     -0.232      0.619     -0.516     -0.031     -0.928     -0.979     -0.993     52.244     89.185
     0.193      0.292      0.022     -0.294     -0.384      0.266     -0.226      0.065     -0.107      0.046     -0.313      0.557     -0.487      0.038     -0.936     -0.999     -0.949      0.972    161.193

Derivative matrix of expected statistics X by parameters and
covariance/correlation matrix of X can be found using
summary(ans) within R, or by using the 'verbose' option in Siena07.
 
Total computation time 50.81 seconds.


-----------------------------------
New Analysis started.
Date and time: 13/06/2018 18:43:09
New results follow.
-----------------------------------

RSiena version 1.2-12 (12 May 18)


@1
Estimation by stochastic approximation algorithm.
=================================================

Random initialization of random number stream.
Current random number seed is 928218.
Effects object used: myeff2 
Model Type:
 
Behavioral Model Type:
 
Estimation method: unconditional moment estimation.

Time duration for simulations in each period is 1.0.
Standard errors are estimated with the likelihood ratio method.
Dolby method (regression on scores) is used.
Initial value of gain parameter is  0.2000000.
Reduction factor for gain parameter is  0.5000000.
Number of subphases in Phase 2 is 4.

Initial parameter values are 
  1. rate:  constant friendship rate (period 1)             4.6960
  2. rate:  constant friendship rate (period 2)             4.3288
  3. eval:  outdegree (density)                            -1.4677
  4. eval:  reciprocity                                     0.0000
  5. eval:  transitive triplets                             0.0000
  6. eval:  3-cycles                                        0.0000
  7. eval:  drinkingbeh alter                               0.0000
  8. eval:  drinkingbeh ego                                 0.0000
  9. eval:  drinkingbeh similarity                          0.0000
 10. eval:  smoke1 alter                                    0.0000
 11. eval:  smoke1 ego                                      0.0000
 12. eval:  smoke1 similarity                               0.0000
 13. rate:  rate drinkingbeh (period 1)                     0.7057
 14. rate:  rate drinkingbeh (period 2)                     0.8494
 15. eval:  drinkingbeh linear shape                        0.3224
 16. eval:  drinkingbeh quadratic shape                     0.0000
 17. eval:  drinkingbeh average alter                       0.0000


Observed values of target statistics are
  1. Amount of network change in period 1                               115.0000
  2. Amount of network change in period 2                               106.0000
  3. Number of ties                                                     238.0000
  4. Number of reciprocated ties                                        160.0000
  5. Number of transitive triplets                                      225.0000
  6. 3-cycles                                                            72.0000
  7. Sum indegrees x drinkingbeh                                        -16.9733
  8. Sum outdegrees x drinkingbeh                                        -8.9733
  9. Similarity on drinkingbeh                                           21.9957
 10. Sum indegrees x smoke1                                              -4.1000
 11. Sum outdegrees x smoke1                                             -4.1000
 12. Similarity on smoke1                                                28.9400
 13. Amount of behavioral change in period 1 on drinkingbeh              27.0000
 14. Amount of behavioral change in period 2 on drinkingbeh              33.0000
 15. drinkingbeh centered sum                                            11.6667
 16. drinkingbeh sum of cent. squares                                   121.0711
 17. drinkingbeh average alters                                          53.9086

 17 parameters, 17 statistics

Estimation of derivatives by the LR method (type 1).


@2
End of stochastic approximation algorithm, phase 3.
---------------------------------------------------

Total of 3406 iterations.
Parameter estimates based on 2406 iterations,
convergence diagnostics, covariance and derivative matrices based on 1000 iterations.

Information for convergence diagnosis.
Averages, standard deviations, and t-ratios for deviations from targets:
  1.  -0.1640  10.8473  -0.0151 
  2.  -0.1510   9.4925  -0.0159 
  3.   1.0590  23.3888   0.0453 
  4.   1.1420  21.4338   0.0533 
  5.   2.2310  76.6301   0.0291 
  6.   0.5260  25.0036   0.0210 
  7.  -0.7440  21.1726  -0.0351 
  8.  -1.3340  21.0270  -0.0634 
  9.   0.2963   4.2175   0.0703 
 10.  -1.1885  13.1677  -0.0903 
 11.  -0.9056  12.9884  -0.0697 
 12.   0.4871   7.0601   0.0690 
 13.   0.0530   4.6817   0.0113 
 14.   0.0550   4.8454   0.0114 
 15.  -0.2560   9.5927  -0.0267 
 16.   0.0200  14.4201   0.0014 
 17.   0.5906  13.1928   0.0448 

Good convergence is indicated by the t-ratios being close to zero.

Overall maximum convergence ratio =  0.1987 .



@2
Estimation Results.
-------------------

Regular end of estimation algorithm.
Total of 3406 iteration steps.


@3
Estimates and standard errors
                             
Network Dynamics
 1. rate:  constant friendship rate (period 1)                     6.5022  (   1.4112)
 2. rate:  constant friendship rate (period 2)                     5.2035  (   0.9437)
 3. eval:  outdegree (density)                                    -2.7718  (   0.1415)
 4. eval:  reciprocity                                             2.3771  (   0.2320)
 5. eval:  transitive triplets                                     0.6496  (   0.1426)
 6. eval:  3-cycles                                               -0.0869  (   0.2802)
 7. eval:  drinkingbeh alter                                      -0.0664  (   0.1190)
 8. eval:  drinkingbeh ego                                         0.0631  (   0.1280)
 9. eval:  drinkingbeh similarity                                  1.2803  (   0.6573)
10. eval:  smoke1 alter                                            0.1104  (   0.1346)
11. eval:  smoke1 ego                                              0.0411  (   0.1400)
12. eval:  smoke1 similarity                                       0.3979  (   0.2426)
Behavior Dynamics

13. rate:  rate drinkingbeh (period 1)                             1.3334  (   0.3631)
14. rate:  rate drinkingbeh (period 2)                             1.8135  (   0.5094)
15. eval:  drinkingbeh linear shape                                0.4160  (   0.2533)
16. eval:  drinkingbeh quadratic shape                            -0.5877  (   0.3818)
17. eval:  drinkingbeh average alter                               1.2934  (   0.9113)


@3
Covariance matrices
                   
Covariance matrix of estimates (correlations below diagonal):
     1.992     -0.016      0.028      0.005     -0.055      0.073     -0.019      0.037     -0.188      0.025     -0.016      0.004     -0.016     -0.036     -0.004      0.066     -0.203
    -0.012      0.890      0.023      0.003     -0.023      0.027     -0.014      0.015     -0.084     -0.002     -0.007     -0.017     -0.002     -0.032      0.025     -0.054      0.098
     0.138      0.175      0.020     -0.016     -0.008      0.009      0.000     -0.002     -0.051      0.001      0.000     -0.002     -0.004     -0.015      0.008     -0.011      0.029
     0.016      0.014     -0.482      0.054      0.010     -0.031      0.000      0.003     -0.003      0.000     -0.002     -0.002      0.002      0.008     -0.007      0.006     -0.022
    -0.274     -0.174     -0.390      0.293      0.020     -0.034      0.002     -0.002      0.001     -0.002     -0.001      0.000     -0.004      0.006     -0.001      0.004     -0.008
     0.184      0.102      0.216     -0.477     -0.841      0.079     -0.004      0.003      0.008      0.002      0.003      0.000      0.003     -0.011      0.003     -0.003      0.007
    -0.111     -0.126      0.013      0.013      0.098     -0.123      0.014     -0.009     -0.004     -0.007      0.002      0.002     -0.002     -0.002     -0.004     -0.001      0.003
     0.204      0.122     -0.114      0.104     -0.118      0.097     -0.581      0.016      0.004      0.002     -0.007      0.000      0.005      0.008      0.000      0.004     -0.015
    -0.203     -0.136     -0.551     -0.022      0.014      0.041     -0.051      0.044      0.432     -0.006      0.002     -0.020      0.057      0.096     -0.044      0.050     -0.112
     0.134     -0.019      0.031     -0.008     -0.085      0.050     -0.466      0.116     -0.073      0.018     -0.001      0.010      0.001      0.000      0.003      0.000      0.001
    -0.080     -0.057     -0.025     -0.060     -0.031      0.068      0.095     -0.403      0.024     -0.065      0.020      0.011     -0.002      0.001      0.000     -0.001      0.001
     0.011     -0.073     -0.072     -0.040      0.000     -0.003      0.072      0.012     -0.123      0.317      0.316      0.059     -0.001      0.001      0.001     -0.003      0.006
    -0.031     -0.007     -0.086      0.020     -0.078      0.026     -0.050      0.102      0.241      0.024     -0.038     -0.006      0.132      0.029     -0.028      0.030     -0.068
    -0.050     -0.067     -0.203      0.067      0.087     -0.076     -0.028      0.125      0.287      0.004      0.014      0.004      0.156      0.259     -0.045      0.058     -0.135
    -0.012      0.106      0.219     -0.124     -0.018      0.042     -0.146     -0.007     -0.261      0.077     -0.010      0.011     -0.304     -0.345      0.064     -0.062      0.150
     0.122     -0.150     -0.210      0.070      0.075     -0.031     -0.016      0.091      0.199      0.002     -0.019     -0.035      0.217      0.299     -0.638      0.146     -0.334
    -0.158      0.114      0.223     -0.106     -0.060      0.027      0.027     -0.126     -0.187      0.005      0.006      0.029     -0.205     -0.291      0.650     -0.960      0.831

Derivative matrix of expected statistics X by parameters and
covariance/correlation matrix of X can be found using
summary(ans) within R, or by using the 'verbose' option in Siena07.
 
Total computation time 42.72 seconds.
