							************************
									 s50_3_init.out
							************************

Filename is s50_3_init.out.

This file contains primary output for SIENA project <<s50_3_init>>.

Date and time: 13/06/2018 18:38:23 

RSiena version 1.2-12 (12 05 2018)


@1
Data input.
===========

3 observations,
50 actors,
1 dependent network variables,
0 dependent bipartite variables,
1 dependent behavior variables,
0 constant actor covariates,
1 exogenous changing actor covariates,
0 constant dyadic covariates,
0 exogenous changing dyadic covariates,
0 no files with times of composition change.


@2
Reading network variables.
--------------------------

Name of network variable: friendship.
oneMode network.
For observation moment 1, degree distributions are as follows:
Nodes
 1  2  3  4  5  6  7  8  9 10 11 12 13 14 15 16 17 18 19 20 
21 22 23 24 25 26 27 28 29 30 31 32 33 34 35 36 37 38 39 40 
41 42 43 44 45 46 47 48 49 50
out-degrees
 2  2  2  2  1  1  3  1  2  3  3  3  0  3  3  2  5  2  4  0 
 1  4  1  5  3  3  3  1  3  4  3  4  2  2  1  2  3  2  1  3 
 2  2  2  2  3  3  0  2  2  0
in-degrees
 1  2  2  2  1  1  5  1  2  3  8  0  0  1  3  2  2  2  3  0 
 5  5  1  3  1  3  1  1  3  4  5  4  3  2  1  2  2  2  1  2 
 2  3  1  4  2  4  2  1  2  0

No missing data for observation 1.

For observation moment 2, degree distributions are as follows:
Nodes
 1  2  3  4  5  6  7  8  9 10 11 12 13 14 15 16 17 18 19 20 
21 22 23 24 25 26 27 28 29 30 31 32 33 34 35 36 37 38 39 40 
41 42 43 44 45 46 47 48 49 50
out-degrees
 3  1  2  1  2  1  0  1  1  4  5  4  0  3  1  3  5  1  3  0 
 3  1  1  3  4  3  2  2  3  3  2  2  3  3  2  4  5  1  2  3 
 3  2  1  2  3  4  3  2  2  1
in-degrees
 3  0  2  4  1  2  2  1  1  4  2  0  0  2  4  2  4  0  5  0 
 1  2  1  3  0  5  2  4  2  6  3  4  3  2  2  3  2  1  2  4 
 4  4  2  1  3  5  3  1  2  0

No missing data for observation 2.

For observation moment 3, degree distributions are as follows:
Nodes
 1  2  3  4  5  6  7  8  9 10 11 12 13 14 15 16 17 18 19 20 
21 22 23 24 25 26 27 28 29 30 31 32 33 34 35 36 37 38 39 40 
41 42 43 44 45 46 47 48 49 50
out-degrees
 4  3  1  1  2  3  4  1  1  5  5  2  0  4  4  3  3  0  2  0 
 4  0  1  3  2  2  2  1  4  4  2  2  5  2  1  5  4  2  1  4 
 1  2  1  4  4  4  2  2  3  0
in-degrees
 3  1  2  3  2  1  4  1  0  4  4  2  0  3  5  3  1  0  3  0 
 2  1  1  2  1  4  4  3  3  4  2  2  7  0  1  4  2  2  2  5 
 3  3  1  3  2  5  4  3  2  2

No missing data for observation 3.





@2
Reading dependent actor variables.
----------------------------------

1st dependent actor variable named drinkingbeh.
Maximum and minimum rounded values are 1 and 5.


A total of 1 dependent actor variable.

Number of missing cases per observation:
 observation         1         2         3		overall
drinkingbeh          0         0         0         0	  ( 0.0 %)

Means per observation:
 observation         1         2         3		overall
drinkingbeh        2.880     3.100     3.360     3.113

@2
Reading exogenous changing actor covariates.
--------------------------------------------

1 variable, named:
smoke1          

A total of 1 exogenous changing actor covariate.

Number of missing cases per period:
 period                    1       2     overall
smoke1                     0       0        0 	   ( 0.0 %)

Information about changing covariates:

              minimum  maximum	  mean  centered 
smoke1                                     Y 
	period   1     1.0     3.0      1.380 
	period   2     1.0     3.0      1.520 
Overall                            1.450 

The mean value is subtracted from the centered covariate.



The mean structural dissimilarity value subtracted in the
balance calculations is         0.0889.

For the similarity variable calculated from each actor covariate,
the mean is subtracted.
These means are:
Similarity drinkingbeh              :       0.6744 
Similarity smoke1                   :       0.6557 



@1
Initial data description.
=========================


@2
Change in networks:
-------------------

For the following statistics, missing values (if any) are not counted.

Network density indicators:
observation time              1      2      3
density                    0.046  0.047  0.050
average degree             2.260  2.320  2.440
number of ties               113    116    122
missing fraction           0.000  0.000  0.000

The average degree is 2.34 


Tie changes between subsequent observations:
 periods        0 =>  0   0 =>  1   1 =>  0   1 =>  1   Distance Jaccard   Missing
  1 ==>   2      2278        59        56        57       115     0.331         0 (0%)
  2 ==>   3      2278        56        50        66       106     0.384         0 (0%)

Directed dyad Counts:
 observation    total    mutual    asymm.     null
     1.          2450       78        70      2302
     2.          2450       70        92      2288
     3.          2450       90        64      2296

Standard values for initial parameter values
-------------------------------------------------

constant friendship rate (period 1)     4.6960 
constant friendship rate (period 2)     4.3288 
outdegree (density)                               -1.4677 



@2
Dependent actor variables:
--------------------------

drinkingbeh 


@3
Marginal distribution
                     
                Observations
values               1     2     3
                ------------------
  1                  5     3     1
  2                 16    16     9
  3                 12    12    17
  4                 14    11    17
  5                  3     8     6
No missings



@3
Changes
       
 periods    actors:  down   up   constant  missing  ;   steps:   down    up  total
  1  =>  2             6    16      28         0                    8    19    27
  2  =>  3             9    18      23         0                   10    23    33

For this variable, the standard initial behavioral tendency parameter is   0.3224

Initialisation of project <<s50_3_init>> executed succesfully.
